Start auto log messages stack - Iteration 2.	[MsgId: MMSG-10545]
lib.h(590): Registering web_reg_save_param_ex was successful  	[MsgId: MMSG-26390]
lib.h(598): web_add_header("Origin") started  	[MsgId: MMSG-26355]
lib.h(598): web_add_header("Origin") was successful  	[MsgId: MMSG-26392]
lib.h(601): web_add_header("SOAPAction") started  	[MsgId: MMSG-26355]
lib.h(601): web_add_header("SOAPAction") was successful  	[MsgId: MMSG-26392]
lib.h(604): web_add_header("X-Requested-With") started  	[MsgId: MMSG-26355]
lib.h(604): web_add_header("X-Requested-With") was successful  	[MsgId: MMSG-26392]
lib.h(607): lr_think_time: 11.00 seconds.	[MsgId: MMSG-15948]
lib.h(609): web_custom_request("AccountLoginRequest") started  	[MsgId: MMSG-26355]
lib.h(609): Error -26366: "Text=<ns2:reason>Login Successful</ns2:reason>" not found for web_reg_find  	[MsgId: MERR-26366]
lib.h(609): Error -26377: No match found for the requested parameter "t_authorization". Either the specified boundaries were not found in the response or the matched text is longer than current max html parameter size of 256 bytes. The total length of the response is 409 bytes. You can use "web_set_max_html_param_len" to increase the max parameter size.  	[MsgId: MERR-26377]
End auto log messages stack.	[MsgId: MMSG-10544]


Start auto log messages stack - Iteration 2.	[MsgId: MMSG-10545]
lib.h(590): Registering web_reg_save_param_ex was successful  	[MsgId: MMSG-26390]
lib.h(598): web_add_header("Origin") started  	[MsgId: MMSG-26355]
lib.h(598): web_add_header("Origin") was successful  	[MsgId: MMSG-26392]
lib.h(601): web_add_header("SOAPAction") started  	[MsgId: MMSG-26355]
lib.h(601): web_add_header("SOAPAction") was successful  	[MsgId: MMSG-26392]
lib.h(604): web_add_header("X-Requested-With") started  	[MsgId: MMSG-26355]
lib.h(604): web_add_header("X-Requested-With") was successful  	[MsgId: MMSG-26392]
lib.h(607): lr_think_time: 11.00 seconds.	[MsgId: MMSG-15948]
lib.h(609): web_custom_request("AccountLoginRequest") started  	[MsgId: MMSG-26355]
lib.h(609): Error -26366: "Text=<ns2:reason>Login Successful</ns2:reason>" not found for web_reg_find  	[MsgId: MERR-26366]
lib.h(609): Error -26377: No match found for the requested parameter "t_authorization". Either the specified boundaries were not found in the response or the matched text is longer than current max html parameter size of 256 bytes. The total length of the response is 409 bytes. You can use "web_set_max_html_param_len" to increase the max parameter size.  	[MsgId: MERR-26377]
End auto log messages stack.	[MsgId: MMSG-10544]


Start auto log messages stack - Iteration 4.	[MsgId: MMSG-10545]
lib.h(590): Registering web_reg_save_param_ex was successful  	[MsgId: MMSG-26390]
lib.h(598): web_add_header("Origin") started  	[MsgId: MMSG-26355]
lib.h(598): web_add_header("Origin") was successful  	[MsgId: MMSG-26392]
lib.h(601): web_add_header("SOAPAction") started  	[MsgId: MMSG-26355]
lib.h(601): web_add_header("SOAPAction") was successful  	[MsgId: MMSG-26392]
lib.h(604): web_add_header("X-Requested-With") started  	[MsgId: MMSG-26355]
lib.h(604): web_add_header("X-Requested-With") was successful  	[MsgId: MMSG-26392]
lib.h(607): lr_think_time: 11.00 seconds.	[MsgId: MMSG-15948]
lib.h(609): web_custom_request("AccountLoginRequest") started  	[MsgId: MMSG-26355]
lib.h(609): Error -26366: "Text=<ns2:reason>Login Successful</ns2:reason>" not found for web_reg_find  	[MsgId: MERR-26366]
lib.h(609): Error -26377: No match found for the requested parameter "t_authorization". Either the specified boundaries were not found in the response or the matched text is longer than current max html parameter size of 256 bytes. The total length of the response is 409 bytes. You can use "web_set_max_html_param_len" to increase the max parameter size.  	[MsgId: MERR-26377]
End auto log messages stack.	[MsgId: MMSG-10544]


Start auto log messages stack - Iteration 4.	[MsgId: MMSG-10545]
lib.h(590): Registering web_reg_save_param_ex was successful  	[MsgId: MMSG-26390]
lib.h(598): web_add_header("Origin") started  	[MsgId: MMSG-26355]
lib.h(598): web_add_header("Origin") was successful  	[MsgId: MMSG-26392]
lib.h(601): web_add_header("SOAPAction") started  	[MsgId: MMSG-26355]
lib.h(601): web_add_header("SOAPAction") was successful  	[MsgId: MMSG-26392]
lib.h(604): web_add_header("X-Requested-With") started  	[MsgId: MMSG-26355]
lib.h(604): web_add_header("X-Requested-With") was successful  	[MsgId: MMSG-26392]
lib.h(607): lr_think_time: 11.00 seconds.	[MsgId: MMSG-15948]
lib.h(609): web_custom_request("AccountLoginRequest") started  	[MsgId: MMSG-26355]
lib.h(609): Error -26366: "Text=<ns2:reason>Login Successful</ns2:reason>" not found for web_reg_find  	[MsgId: MERR-26366]
lib.h(609): Error -26377: No match found for the requested parameter "t_authorization". Either the specified boundaries were not found in the response or the matched text is longer than current max html parameter size of 256 bytes. The total length of the response is 409 bytes. You can use "web_set_max_html_param_len" to increase the max parameter size.  	[MsgId: MERR-26377]
End auto log messages stack.	[MsgId: MMSG-10544]


Start auto log messages stack - Iteration 6.	[MsgId: MMSG-10545]
lib.h(590): Registering web_reg_save_param_ex was successful  	[MsgId: MMSG-26390]
lib.h(598): web_add_header("Origin") started  	[MsgId: MMSG-26355]
lib.h(598): web_add_header("Origin") was successful  	[MsgId: MMSG-26392]
lib.h(601): web_add_header("SOAPAction") started  	[MsgId: MMSG-26355]
lib.h(601): web_add_header("SOAPAction") was successful  	[MsgId: MMSG-26392]
lib.h(604): web_add_header("X-Requested-With") started  	[MsgId: MMSG-26355]
lib.h(604): web_add_header("X-Requested-With") was successful  	[MsgId: MMSG-26392]
lib.h(607): lr_think_time: 11.00 seconds.	[MsgId: MMSG-15948]
lib.h(609): web_custom_request("AccountLoginRequest") started  	[MsgId: MMSG-26355]
lib.h(609): Error -26366: "Text=<ns2:reason>Login Successful</ns2:reason>" not found for web_reg_find  	[MsgId: MERR-26366]
lib.h(609): Error -26377: No match found for the requested parameter "t_authorization". Either the specified boundaries were not found in the response or the matched text is longer than current max html parameter size of 256 bytes. The total length of the response is 409 bytes. You can use "web_set_max_html_param_len" to increase the max parameter size.  	[MsgId: MERR-26377]
End auto log messages stack.	[MsgId: MMSG-10544]


Start auto log messages stack - Iteration 6.	[MsgId: MMSG-10545]
lib.h(590): Registering web_reg_save_param_ex was successful  	[MsgId: MMSG-26390]
lib.h(598): web_add_header("Origin") started  	[MsgId: MMSG-26355]
lib.h(598): web_add_header("Origin") was successful  	[MsgId: MMSG-26392]
lib.h(601): web_add_header("SOAPAction") started  	[MsgId: MMSG-26355]
lib.h(601): web_add_header("SOAPAction") was successful  	[MsgId: MMSG-26392]
lib.h(604): web_add_header("X-Requested-With") started  	[MsgId: MMSG-26355]
lib.h(604): web_add_header("X-Requested-With") was successful  	[MsgId: MMSG-26392]
lib.h(607): lr_think_time: 11.00 seconds.	[MsgId: MMSG-15948]
lib.h(609): web_custom_request("AccountLoginRequest") started  	[MsgId: MMSG-26355]
lib.h(609): Error -26366: "Text=<ns2:reason>Login Successful</ns2:reason>" not found for web_reg_find  	[MsgId: MERR-26366]
lib.h(609): Error -26377: No match found for the requested parameter "t_authorization". Either the specified boundaries were not found in the response or the matched text is longer than current max html parameter size of 256 bytes. The total length of the response is 409 bytes. You can use "web_set_max_html_param_len" to increase the max parameter size.  	[MsgId: MERR-26377]
End auto log messages stack.	[MsgId: MMSG-10544]


