Virtual User Script started at: 10.03.2024 1:55:16
Starting action vuser_init.
Web Turbo Replay of LoadRunner 2020.0.0 for Windows 10; build 793 (ноя 27 2019 19:51:20)  	[MsgId: MMSG-26983]
Run mode: HTML  	[MsgId: MMSG-26993]
Replay user agent: Mozilla/5.0 (compatible; MSIE 10.0; Windows NT 6.1; Trident/6.0)  	[MsgId: MMSG-26988]
Runtime Settings file: "C:\Users\Andrey.Home-PC\LoadTestForIBS\Scipts\UC4_Registration\\default.cfg"  	[MsgId: MMSG-27141]
Ending action vuser_init.
Running Vuser...
Starting iteration 1.
Maximum number of concurrent connections per server: 6  	[MsgId: MMSG-26989]
Starting action Action.
lib.h(128): Notify: Transaction "HomePage" started.
lib.h(131): web_set_sockets_option started  	[MsgId: MMSG-26355]
lib.h(131): web_set_sockets_option was successful  	[MsgId: MMSG-26392]
lib.h(133): web_set_user started  	[MsgId: MMSG-26355]
lib.h(133): web_set_user was successful  	[MsgId: MMSG-26392]
lib.h(137): web_add_auto_header("Sec-Fetch-Dest") started  	[MsgId: MMSG-26355]
lib.h(137): web_add_auto_header("Sec-Fetch-Dest") was successful  	[MsgId: MMSG-26392]
lib.h(140): web_add_auto_header("Sec-Fetch-Mode") started  	[MsgId: MMSG-26355]
lib.h(140): web_add_auto_header("Sec-Fetch-Mode") was successful  	[MsgId: MMSG-26392]
lib.h(143): web_add_auto_header("Sec-Fetch-Site") started  	[MsgId: MMSG-26355]
lib.h(143): web_add_auto_header("Sec-Fetch-Site") was successful  	[MsgId: MMSG-26392]
lib.h(146): web_add_auto_header("DNT") started  	[MsgId: MMSG-26355]
lib.h(146): web_add_auto_header("DNT") was successful  	[MsgId: MMSG-26392]
lib.h(149): web_add_header("Sec-Fetch-User") started  	[MsgId: MMSG-26355]
lib.h(149): web_add_header("Sec-Fetch-User") was successful  	[MsgId: MMSG-26392]
lib.h(152): web_add_header("Upgrade-Insecure-Requests") started  	[MsgId: MMSG-26355]
lib.h(152): web_add_header("Upgrade-Insecure-Requests") was successful  	[MsgId: MMSG-26392]
lib.h(155): web_url("www.advantageonlineshopping.com") started  	[MsgId: MMSG-26355]
lib.h(155): Found resource "https://www.advantageonlineshopping.com/css/main.min.css" in HTML "https://www.advantageonlineshopping.com/"  	[MsgId: MMSG-26659]
lib.h(155): Found resource "https://www.googletagmanager.com/gtag/js?id=G-TBPYED8WSW" in HTML "https://www.advantageonlineshopping.com/"  	[MsgId: MMSG-26659]
lib.h(155): Found resource "https://www.advantageonlineshopping.com/css/images/Down_arrow.svg" in HTML "https://www.advantageonlineshopping.com/"  	[MsgId: MMSG-26659]
lib.h(155): Found resource "https://www.advantageonlineshopping.com/vendor/requirejs/require.js" in HTML "https://www.advantageonlineshopping.com/"  	[MsgId: MMSG-26659]
lib.h(155): web_url("www.advantageonlineshopping.com") was successful, 147042 body bytes, 2225 header bytes  	[MsgId: MMSG-26386]
lib.h(164): web_add_cookie started  	[MsgId: MMSG-26355]
lib.h(164): web_add_cookie was successful  	[MsgId: MMSG-26392]
lib.h(166): web_add_auto_header("Sec-Fetch-Dest") started  	[MsgId: MMSG-26355]
lib.h(166): web_add_auto_header("Sec-Fetch-Dest") was successful  	[MsgId: MMSG-26392]
lib.h(169): web_add_auto_header("Sec-Fetch-Mode") started  	[MsgId: MMSG-26355]
lib.h(169): web_add_auto_header("Sec-Fetch-Mode") was successful  	[MsgId: MMSG-26392]
lib.h(172): web_add_auto_header("Sec-Fetch-Site") started  	[MsgId: MMSG-26355]
lib.h(172): web_add_auto_header("Sec-Fetch-Site") was successful  	[MsgId: MMSG-26392]
lib.h(175): web_url("ALL") started  	[MsgId: MMSG-26355]
lib.h(175): web_url("ALL") was successful, 6541 body bytes, 375 header bytes  	[MsgId: MMSG-26386]
lib.h(184): web_add_header("Origin") started  	[MsgId: MMSG-26355]
lib.h(184): web_add_header("Origin") was successful  	[MsgId: MMSG-26392]
lib.h(187): web_add_header("SOAPAction") started  	[MsgId: MMSG-26355]
lib.h(187): web_add_header("SOAPAction") was successful  	[MsgId: MMSG-26392]
lib.h(190): web_add_header("X-Requested-With") started  	[MsgId: MMSG-26355]
lib.h(190): web_add_header("X-Requested-With") was successful  	[MsgId: MMSG-26392]
lib.h(193): web_custom_request("GetAccountConfigurationRequest") started  	[MsgId: MMSG-26355]
lib.h(193): web_custom_request("GetAccountConfigurationRequest") was successful, 823 body bytes, 735 header bytes  	[MsgId: MMSG-26386]
lib.h(205): web_url("categories") started  	[MsgId: MMSG-26355]
lib.h(205): web_url("categories") was successful, 4868 body bytes, 375 header bytes  	[MsgId: MMSG-26386]
lib.h(214): web_url("search") started  	[MsgId: MMSG-26355]
lib.h(214): web_url("search") was successful, 351 body bytes, 375 header bytes  	[MsgId: MMSG-26386]
lib.h(223): web_url("popularProducts.json") started  	[MsgId: MMSG-26355]
lib.h(223): web_url("popularProducts.json") was successful, 500 body bytes, 413 header bytes  	[MsgId: MMSG-26386]
lib.h(232): web_url("home-page.html") started  	[MsgId: MMSG-26355]
lib.h(232): Found resource "https://www.advantageonlineshopping.com/app/views/css/images/Special-offer.jpg" in HTML "https://www.advantageonlineshopping.com/app/views/home-page.html"  	[MsgId: MMSG-26659]
lib.h(232): Found resource "https://www.advantageonlineshopping.com/css/images/chat_logo.png" in HTML "https://www.advantageonlineshopping.com/app/views/home-page.html"  	[MsgId: MMSG-26659]
lib.h(232): Found resource "https://www.advantageonlineshopping.com/app/views/" in HTML "https://www.advantageonlineshopping.com/app/views/home-page.html"  	[MsgId: MMSG-26659]
lib.h(232): Warning -26627: HTTP Status-Code=404 (Not Found) for "https://www.advantageonlineshopping.com/app/views/css/images/Special-offer.jpg"  	[MsgId: MWAR-26627]
lib.h(232): Warning -26627: HTTP Status-Code=404 (Not Found) for "https://www.advantageonlineshopping.com/app/views/"  	[MsgId: MWAR-26627]
lib.h(232): web_url("home-page.html") highest severity level was "warning", 6213 body bytes, 1435 header bytes  	[MsgId: MMSG-26388]
lib.h(241): Notify: Transaction "HomePage" ended with a "Pass" status (Duration: 3.0320 Wasted Time: 0.0716).
lib.h(13): Notify: Transaction "Registration" started.
lib.h(15): web_url("register-page.html") started  	[MsgId: MMSG-26355]
lib.h(15): web_url("register-page.html") was successful, 1469 body bytes, 406 header bytes  	[MsgId: MMSG-26386]
lib.h(24): web_add_header("SOAPAction") started  	[MsgId: MMSG-26355]
lib.h(24): web_add_header("SOAPAction") was successful  	[MsgId: MMSG-26392]
lib.h(27): web_add_auto_header("Origin") started  	[MsgId: MMSG-26355]
lib.h(27): web_add_auto_header("Origin") was successful  	[MsgId: MMSG-26392]
lib.h(30): web_add_auto_header("X-Requested-With") started  	[MsgId: MMSG-26355]
lib.h(30): web_add_auto_header("X-Requested-With") was successful  	[MsgId: MMSG-26392]
lib.h(33): web_custom_request("GetCountriesRequest") started  	[MsgId: MMSG-26355]
lib.h(33): web_custom_request("GetCountriesRequest") was successful, 4184 body bytes, 761 header bytes  	[MsgId: MMSG-26386]
lib.h(45): web_add_header("SOAPAction") started  	[MsgId: MMSG-26355]
lib.h(45): web_add_header("SOAPAction") was successful  	[MsgId: MMSG-26392]
lib.h(50): web_custom_request("AccountCreateRequest") started  	[MsgId: MMSG-26355]
lib.h(50): web_custom_request("AccountCreateRequest") was successful, 443 body bytes, 735 header bytes  	[MsgId: MMSG-26386]
lib.h(63): web_add_header("SOAPAction") started  	[MsgId: MMSG-26355]
lib.h(63): web_add_header("SOAPAction") was successful  	[MsgId: MMSG-26392]
lib.h(66): web_reg_find started  	[MsgId: MMSG-26355]
lib.h(66): Registering web_reg_find was successful  	[MsgId: MMSG-26390]
lib.h(68): web_reg_save_param_ex started  	[MsgId: MMSG-26355]
lib.h(68): Registering web_reg_save_param_ex was successful  	[MsgId: MMSG-26390]
lib.h(75): web_reg_save_param_ex started  	[MsgId: MMSG-26355]
lib.h(75): Registering web_reg_save_param_ex was successful  	[MsgId: MMSG-26390]
lib.h(83): web_custom_request("AccountLoginRequest") started  	[MsgId: MMSG-26355]
lib.h(83): Registered web_reg_find successful for "Text=<ns2:reason>Login Successful</ns2:reason>" (count=1)  	[MsgId: MMSG-26364]
lib.h(83): web_custom_request("AccountLoginRequest") was successful, 796 body bytes, 735 header bytes  	[MsgId: MMSG-26386]
lib.h(95): web_set_sockets_option started  	[MsgId: MMSG-26355]
lib.h(95): web_set_sockets_option was successful  	[MsgId: MMSG-26392]
lib.h(97): web_remove_auto_header("Origin") started  	[MsgId: MMSG-26355]
lib.h(97): Previous automatically added web header for "Origin" removed  	[MsgId: MMSG-26587]
lib.h(97): web_remove/revert_auto_header("Origin") was successful  	[MsgId: MMSG-26392]
lib.h(99): web_remove_auto_header("X-Requested-With") started  	[MsgId: MMSG-26355]
lib.h(99): Previous automatically added web header for "X-Requested-With" removed  	[MsgId: MMSG-26587]
lib.h(99): web_remove/revert_auto_header("X-Requested-With") was successful  	[MsgId: MMSG-26392]
lib.h(101): web_add_auto_header("Authorization") started  	[MsgId: MMSG-26355]
lib.h(101): Warning -26593: The header being added may cause unpredictable results when applied to all ensuing URLs. It is added anyway  	[MsgId: MWAR-26593]
lib.h(101): web_add_auto_header("Authorization") highest severity level was "warning"  	[MsgId: MMSG-26391]
lib.h(103): web_reg_save_param_ex started  	[MsgId: MMSG-26355]
lib.h(103): Registering web_reg_save_param_ex was successful  	[MsgId: MMSG-26390]
lib.h(111): web_url("UserID") started  	[MsgId: MMSG-26355]
lib.h(111): web_url("UserID") was successful, 111 body bytes, 455 header bytes  	[MsgId: MMSG-26386]
lib.h(120): Notify: Transaction "Registration" ended with a "Pass" status (Duration: 1.5561 Wasted Time: 0.0139).
lib.h(641): Notify: Transaction "LogOut" started.
lib.h(644): web_add_header("SOAPAction") started  	[MsgId: MMSG-26355]
lib.h(644): web_add_header("SOAPAction") was successful  	[MsgId: MMSG-26392]
lib.h(647): web_add_header("X-Requested-With") started  	[MsgId: MMSG-26355]
lib.h(647): web_add_header("X-Requested-With") was successful  	[MsgId: MMSG-26392]
lib.h(652): web_custom_request("AccountLogoutRequest") started  	[MsgId: MMSG-26355]
lib.h(652): web_custom_request("AccountLogoutRequest") was successful, 402 body bytes, 735 header bytes  	[MsgId: MMSG-26386]
lib.h(664): Notify: Transaction "LogOut" ended with a "Pass" status (Duration: 0.3516 Wasted Time: 0.0026).
Ending action Action.
Ending iteration 1.
Ending Vuser...
Starting action vuser_end.
Ending action vuser_end.
Vuser Terminated.
