Action.c(184):     ibuteValues":["13.3","14","15.6","17.3","11.6"]},{"attributeName":"DISPLAY RESOLUTION","at
Action.c(184):     tributeValues":["1920x1080","1600x900","2560x1440","1366x768"]},{"attributeName":"TOUCHSCR
Action.c(184):     EEN","attributeValues":["No","Yes"]}],"products":[{"productId":9,"categoryId":1,"productNa
Action.c(184):     me":"HP Chromebook 14 G1(ENERGY STAR)","price":299.99,"description":"This HP notebook is a
Action.c(184):     ll about getting the perfect combination of design, reliability, and features. Style and p
Action.c(184):     roductivity while keeping your wallet in mind - now that's something to get excited about.
Action.c(184):     ","imageUrl":"1249","attributes":[{"attributeName":"PROCESSOR","attributeValue":"Intel\xC2
Action.c(184):     \xAE Celeron\xC2\xAE processor","showInFilter":true},{"attributeName":"CUSTOMIZATION","att
Action.c(184):     ributeValue":"Simplicity","showInFilter":false},{"attributeName":"WEIGHT","attributeValue"
Action.c(184):     :"2.3 lb","showInFilter":true},{"attributeName":"OPERATING SYSTEM","attributeValue":"Chrom
Action.c(184):     e OS","showInFilter":true},{"attributeName":"DISPLAY","attributeValue":"14-diagonal HD WLE
Action.c(184):     D Brightview flat SVA (1366 x 768)","showInFilter":true},{"attributeName":"DISPLAY RESOLUT
Action.c(184):     ION","attributeValue":"1366x768","showInFilter":false},{"attributeName":"TOUCHSCREEN","att
Action.c(184):     ributeValue":"No","showInFilter":false},{"attributeName":"MEMORY","attributeValue":"16GB D
Action.c(184):     DR3 - 2 DIMM","showInFilter":false},{"attributeName":"DISPLAY SIZE","attributeValue":"14",
Action.c(184):     "showInFilter":false}],"colors":[{"code":"FFFFFF","name":"WHITE","inStock":10},{"code":"41
Action.c(184):     4141","name":"BLACK","inStock":10},{"code":"C3C3C3","name":"GRAY","inStock":10}],"images":
Action.c(184):     ["ABCDEF##1249"],"productStatus":"Active"},{"productId":10,"categoryId":1,"productName":"H
Action.c(184):     P Chromebook 14 G1(ES)","price":1261.99,"description":"Introducing the next generation HP 
Action.c(184):     EliteBook Folio 9480m Ultrabook\xE2\x84\xA2[2]. Timeless, ultra slim profile in an all met
Action.c(184):     al design with optional 4G Broadband wWAN, and 4th Generation Intel\xC2\xAE Core\xE2\x84\xA2
Action.c(184):      Processing Technology.","imageUrl":"1250","attributes":[{"attributeName":"MEMORY","attrib
Action.c(184):     uteValue":"16GB DDR3 - 2 DIMM","showInFilter":false},{"attributeName":"WEIGHT","attributeV
Action.c(184):     alue":"3.2 lb","showInFilter":true},{"attributeName":"TOUCHSCREEN","attributeValue":"No","
Action.c(184):     showInFilter":false},{"attributeName":"DISPLAY SIZE","attributeValue":"14","showInFilter":
Action.c(184):     false},{"attributeName":"DISPLAY RESOLUTION","attributeValue":"1600x900","showInFilter":fa
Action.c(184):     lse},{"attributeName":"DISPLAY","attributeValue":"14-inch diagonal LED-backlit HD+ SVA Ant
Action.c(184):     i-Glare (1600x900)","showInFilter":true},{"attributeName":"OPERATING SYSTEM","attributeVal
Action.c(184):     ue":"Windows 10","showInFilter":true},{"attributeName":"PROCESSOR","attributeValue":"Intel
Action.c(184):     (R) Core(TM) i5-6200U Dual CoreProcessor","showInFilter":true},{"attributeName":"CUSTOMIZA
Action.c(184):     TION","attributeValue":"Business","showInFilter":false}],"colors":[{"code":"C3C3C3","name"
Action.c(184):     :"GRAY","inStock":10}],"images":["C3C3C3##1250"],"productStatus":"Active"},{"productId":7,
Action.c(184):     "categoryId":1,"productName":"HP ENVY - 17t Touch Laptop","price":849.99,"description":"We
Action.c(184):      took our remarkable 360\xC2\xB0 convertible PC and enhanced it with premium features to g
Action.c(184):     ive you ultimate flexibility and enviable looks.","imageUrl":"1700","attributes":[{"attrib
Action.c(184):     uteName":"WEIGHT","attributeValue":"7.25 lb","showInFilter":true},{"attributeName":"CUSTOM
Action.c(184):     IZATION","attributeValue":"Business","showInFilter":false},{"attributeName":"MEMORY","attr
Action.c(184):     ibuteValue":"16GB DDR3 - 2 DIMM","showInFilter":false},{"attributeName":"DISPLAY","attribu
Action.c(184):     teValue":"17.3-inch diagonal Full HD WLED-backlit IPS Display (1920x1080) Touchscreen","sh
Action.c(184):     owInFilter":true},{"attributeName":"DISPLAY SIZE","attributeValue":"17.3","showInFilter":f
Action.c(184):     alse},{"attributeName":"OPERATING SYSTEM","attributeValue":"Windows 10","showInFilter":tru
Action.c(184):     e},{"attributeName":"DISPLAY RESOLUTION","attributeValue":"1920x1080","showInFilter":false
Action.c(184):     },{"attributeName":"PROCESSOR","attributeValue":"Intel(R) Core(TM) i7-5500U Dual Core Proc
Action.c(184):     essor","showInFilter":true},{"attributeName":"TOUCHSCREEN","attributeValue":"Yes","showInF
Action.c(184):     ilter":false}],"colors":[{"code":"C3C3C3","name":"GRAY","inStock":10}],"images":["ABCDEF##
Action.c(184):     1700","C3C3C3##1701","ABCDEF##1703","ABCDEF##1702"],"productStatus":"Active"},{"productId"
Action.c(184):     :6,"categoryId":1,"productName":"HP ENVY x360 - 15t Laptop","price":699.99,"description":"
Action.c(184):     We took our remarkable 360\xC2\xB0 convertible PC and enhanced it with premium features to
Action.c(184):      give you ultimate flexibility and enviable looks.","imageUrl":"1600","attributes":[{"attr
Action.c(184):     ibuteName":"CUSTOMIZATION","attributeValue":"2-in-1","showInFilter":false},{"attributeName
Action.c(184):     ":"OPERATING SYSTEM","attributeValue":"Windows 10","showInFilter":true},{"attributeName":"
Action.c(184):     PROCESSOR","attributeValue":"intel(R) Core(TM) i5-6300HQ","showInFilter":true},{"attribute
Action.c(184):     Name":"DISPLAY RESOLUTION","attributeValue":"1920x1080","showInFilter":false},{"attributeN
Action.c(184):     ame":"DISPLAY","attributeValue":"15.6-inch diagonal Full HD WLED-backlit IPS Display (1920
Action.c(184):     x1080) Touchscreen","showInFilter":true},{"attributeName":"TOUCHSCREEN","attributeValue":"
Action.c(184):     Yes","showInFilter":false},{"attributeName":"MEMORY","attributeValue":"8GB DDR3L - 1 DIMM"
Action.c(184):     ,"showInFilter":false},{"attributeName":"DISPLAY SIZE","attributeValue":"15.6","showInFilt
Action.c(184):     er":false},{"attributeName":"WEIGHT","attributeValue":"4.96 lb","showInFilter":true}],"col
Action.c(184):     ors":[{"code":"C3C3C3","name":"GRAY","inStock":10}],"images":["C3C3C3##1601","ABCDEF##1600
Action.c(184):     ","C3C3C3##1603","C3C3C3##1602"],"productStatus":"Active"},{"productId":1,"categoryId":1,"
Action.c(184):     productName":"HP Pavilion 15t Touch Laptop","price":519.99,"description":"Redesigned with 
Action.c(184):     you in mind, the HP Pavilion keeps getting better. Our best-selling notebook is now more p
Action.c(184):     owerful so you can watch more, play more, and store more, all in style.","imageUrl":"1100"
Action.c(184):     ,"attributes":[{"attributeName":"DISPLAY RESOLUTION","attributeValue":"1366x768","showInFi
Action.c(184):     lter":false},{"attributeName":"DISPLAY","attributeValue":"15.6-inch diagonal HD WLED-backl
Action.c(184):     it Display (1366x768) Touchscreen","showInFilter":true},{"attributeName":"OPERATING SYSTEM
Action.c(184):     ","attributeValue":"Windows 10","showInFilter":true},{"attributeName":"PROCESSOR","attribu
Action.c(184):     teValue":"Intel(R) Core(TM) i5-6200U Dual CoreProcessor","showInFilter":true},{"attributeN
Action.c(184):     ame":"CUSTOMIZATION","attributeValue":"Gaming","showInFilter":false},{"attributeName":"DIS
Action.c(184):     PLAY SIZE","attributeValue":"15.6","showInFilter":false},{"attributeName":"MEMORY","attrib
Action.c(184):     uteValue":"16GB DDR3 - 2 DIMM","showInFilter":false},{"attributeName":"WEIGHT","attributeV
Action.c(184):     alue":"4 lb","showInFilter":true},{"attributeName":"TOUCHSCREEN","attributeValue":"Yes","s
Action.c(184):     howInFilter":false}],"colors":[{"code":"C3C3C3","name":"GRAY","inStock":10},{"code":"DD3A5
Action.c(184):     B","name":"RED","inStock":10},{"code":"3683D1","name":"BLUE","inStock":10}],"images":["DD3
Action.c(184):     A5B##1101","DD3A5B##1103","C3C3C3##1100","3683D1##1102"],"productStatus":"Active"},{"produ
Action.c(184):     ctId":2,"categoryId":1,"productName":"HP Pavilion 15z Laptop","price":549.99,"description"
Action.c(184):     :"Redesigned with you in mind, the HP Pavilion keeps getting better. Our best-selling note
Action.c(184):     book is now more powerful so you can watch more, play more, and store more, all in style."
Action.c(184):     ,"imageUrl":"1200","attributes":[{"attributeName":"CUSTOMIZATION","attributeValue":"Simpli
Action.c(184):     city","showInFilter":false},{"attributeName":"MEMORY","attributeValue":"16GB DDR3 - 2 DIMM
Action.c(184):     ","showInFilter":false},{"attributeName":"DISPLAY RESOLUTION","attributeValue":"1366x768",
Action.c(184):     "showInFilter":false},{"attributeName":"OPERATING SYSTEM","attributeValue":"Windows 10","s
Action.c(184):     howInFilter":true},{"attributeName":"TOUCHSCREEN","attributeValue":"No","showInFilter":fal
Action.c(184):     se},{"attributeName":"PROCESSOR","attributeValue":"Intel(R) Core(TM) i5-6200U Dual Core Pr
Action.c(184):     ocessor","showInFilter":true},{"attributeName":"WEIGHT","attributeValue":"3.4 lb","showInF
Action.c(184):     ilter":true},{"attributeName":"DISPLAY","attributeValue":"15.6-inch diagonal HD BrightView
Action.c(184):      WLED-backlit Display (1366x768)","showInFilter":true},{"attributeName":"DISPLAY SIZE","at
Action.c(184):     tributeValue":"15.6","showInFilter":false}],"colors":[{"code":"414141","name":"BLACK","inS
Action.c(184):     tock":10},{"code":"C3C3C3","name":"GRAY","inStock":10},{"code":"3683D1","name":"BLUE","inS
Action.c(184):     tock":10},{"code":"DD3A5B","name":"RED","inStock":10}],"images":["414141##1202","DD3A5B##1
Action.c(184):     203","3683D1##1200","3683D1##1201"],"productStatus":"Active"},{"productId":3,"categoryId":
Action.c(184):     1,"productName":"HP Pavilion 15z Touch Laptop","price":449.99,"description":"Redesigned wi
Action.c(184):     th you in mind, the HP Pavilion keeps getting better. Our best-selling notebook is now mor
Action.c(184):     e powerful so you can watch more, play more, and store more, all in style.","imageUrl":"13
Action.c(184):     00","attributes":[{"attributeName":"TOUCHSCREEN","attributeValue":"Yes","showInFilter":fal
Action.c(184):     se},{"attributeName":"CUSTOMIZATION","attributeValue":"Simplicity","showInFilter":false},{
Action.c(184):     "attributeName":"OPERATING SYSTEM","attributeValue":"Windows 10","showInFilter":true},{"at
Action.c(184):     tributeName":"MEMORY","attributeValue":"16GB DDR3 - 2 DIMM","showInFilter":false},{"attrib
Action.c(184):     uteName":"DISPLAY SIZE","attributeValue":"15.6","showInFilter":false},{"attributeName":"DI
Action.c(184):     SPLAY","attributeValue":"15.6-inch diagonal Full HD WLED-backlit Display (1920x1080) Touch
Action.c(184):     screen","showInFilter":true},{"attributeName":"PROCESSOR","attributeValue":"AMD Quad-Core 
Action.c(184):     A10-8700P Processor + AMD Radeon(TM) R6 Graphi
Action.c(184): t=3850344ms: 12288-byte DECODED response body for "https://www.advantageonlineshopping.com/catalog/api/v1/categories/all_data" (RelFrameId=1, Internal ID=4790)
Action.c(184):     cs","showInFilter":true},{"attributeName":"WEIGHT","attributeValue":"5.51 lb","showInFilte
Action.c(184):     r":true},{"attributeName":"DISPLAY RESOLUTION","attributeValue":"1920x1080","showInFilter"
Action.c(184):     :false}],"colors":[{"code":"DD3A5B","name":"RED","inStock":10},{"code":"FCC23D","name":"YE
Action.c(184):     LLOW","inStock":10},{"code":"414141","name":"BLACK","inStock":10},{"code":"C3C3C3","name":
Action.c(184):     "GRAY","inStock":10},{"code":"545195","name":"PURPLE","inStock":10},{"code":"3683D1","name
Action.c(184):     ":"BLUE","inStock":10}],"images":["414141##1302","414141##1301","3683D1##1300","C3C3C3##13
Action.c(184):     02","C3C3C3##1301"],"productStatus":"Active"},{"productId":11,"categoryId":1,"productName"
Action.c(184):     :"HP Pavilion x360 - 11t Touch Laptop","price":319.99,"description":"There\xE2\x80\x99s no
Action.c(184):      limit to what this value-packed convertible PC can do. Easily convert from notebook to st
Action.c(184):     and to tent to tablet mode. It\xE2\x80\x99s an app-loving, friend-connecting, 360\xC2\xB0-
Action.c(184):     bending machine.","imageUrl":"11100","attributes":[{"attributeName":"WEIGHT","attributeVal
Action.c(184):     ue":"3.21 lb","showInFilter":true},{"attributeName":"OPERATING SYSTEM","attributeValue":"W
Action.c(184):     indows 10","showInFilter":true},{"attributeName":"TOUCHSCREEN","attributeValue":"Yes","sho
Action.c(184):     wInFilter":false},{"attributeName":"CUSTOMIZATION","attributeValue":"Simplicity","showInFi
Action.c(184):     lter":false},{"attributeName":"DISPLAY RESOLUTION","attributeValue":"1366x768","showInFilt
Action.c(184):     er":false},{"attributeName":"PROCESSOR","attributeValue":"Intel(R) Celeron(R) N3050 Proces
Action.c(184):     sor","showInFilter":true},{"attributeName":"MEMORY","attributeValue":"8GB DDR3L - 1 DIMM",
Action.c(184):     "showInFilter":false},{"attributeName":"DISPLAY","attributeValue":"11.6-inch diagonal HD W
Action.c(184):     LED-backlit IPS Display (1366x768) Touchscreen","showInFilter":true},{"attributeName":"DIS
Action.c(184):     PLAY SIZE","attributeValue":"11.6","showInFilter":false}],"colors":[{"code":"C3C3C3","name
Action.c(184):     ":"GRAY","inStock":10},{"code":"DD3A5B","name":"RED","inStock":10},{"code":"55CDD5","name"
Action.c(184):     :"TURQUOISE","inStock":10}],"images":["DD3A5B##11103","C3C3C3##11101","C3C3C3##11102","55C
Action.c(184):     DD5##11100"],"productStatus":"Active"},{"productId":4,"categoryId":1,"productName":"HP Spe
Action.c(184):     ctre x360 - 13-4102dx","price":1399.99,"description":"Stunning, ultra-slim convertible PC 
Action.c(184):     with a 360\xC2\xB0 hinge","imageUrl":"1400","attributes":[{"attributeName":"DISPLAY SIZE",
Action.c(184):     "attributeValue":"13.3","showInFilter":false},{"attributeName":"TOUCHSCREEN","attributeVal
Action.c(184):     ue":"Yes","showInFilter":false},{"attributeName":"CUSTOMIZATION","attributeValue":"2-in-1"
Action.c(184):     ,"showInFilter":false},{"attributeName":"DISPLAY RESOLUTION","attributeValue":"2560x1440",
Action.c(184):     "showInFilter":false},{"attributeName":"PROCESSOR","attributeValue":"Intel\xC2\xAE Core\xE2
Action.c(184):     \x84\xA2 i7-5500U with Intel HD Graphics 5500 (2.4 GHz, 4 MB cache, 2 cores)","showInFilte
Action.c(184):     r":true},{"attributeName":"DISPLAY","attributeValue":"13.3 inch diagonal QHD IPS Radiance 
Action.c(184):     Infinity LED-backlit touch screen (2560 x 1440)","showInFilter":true},{"attributeName":"OP
Action.c(184):     ERATING SYSTEM","attributeValue":"Windows 10","showInFilter":true},{"attributeName":"WEIGH
Action.c(184):     T","attributeValue":"3.17 lb","showInFilter":true},{"attributeName":"MEMORY","attributeVal
Action.c(184):     ue":"8 GB DDR3L SDRAM (1 x 8 GB)","showInFilter":false}],"colors":[{"code":"C3C3C3","name"
Action.c(184):     :"GRAY","inStock":10}],"images":["C3C3C3##1403","C3C3C3##1400","C3C3C3##1402","C3C3C3##140
Action.c(184):     1"],"productStatus":"Active"},{"productId":5,"categoryId":1,"productName":"HP Stream - 11-
Action.c(184):     d020nr Laptop","price":179.99,"description":"Work from a happy place with a stylish, affor
Action.c(184):     dable, Windows-based PC. Store your content in the cloud for easy access from anywhere you
Action.c(184):      have internet.","imageUrl":"1245","attributes":[{"attributeName":"DISPLAY","attributeValu
Action.c(184):     e":"11.6-diagonal HD anti-glare WLED-backlit (1366 x 768)","showInFilter":true},{"attribut
Action.c(184):     eName":"OPERATING SYSTEM","attributeValue":"Windows 8.1","showInFilter":true},{"attributeN
Action.c(184):     ame":"PROCESSOR","attributeValue":"Intel Turbo Boost Technology","showInFilter":true},{"at
Action.c(184):     tributeName":"DISPLAY RESOLUTION","attributeValue":"1366x768","showInFilter":false},{"attr
Action.c(184):     ibuteName":"MEMORY","attributeValue":"2 GB 1333 MHz DDR3 SDRAM","showInFilter":false},{"at
Action.c(184):     tributeName":"DISPLAY SIZE","attributeValue":"11.6","showInFilter":false},{"attributeName"
Action.c(184):     :"CUSTOMIZATION","attributeValue":"Gaming","showInFilter":false},{"attributeName":"WEIGHT"
Action.c(184):     ,"attributeValue":"2.6 lb","showInFilter":true},{"attributeName":"TOUCHSCREEN","attributeV
Action.c(184):     alue":"No","showInFilter":false}],"colors":[{"code":"545195","name":"PURPLE","inStock":10}
Action.c(184):     ,{"code":"3683D1","name":"BLUE","inStock":10}],"images":["545195##1245","3683D1##1502","36
Action.c(184):     83D1##1501"],"productStatus":"Active"},{"productId":8,"categoryId":1,"productName":"HP ZBo
Action.c(184):     ok 17 G2 Mobile Workstation","price":1799.0,"description":"On the go creativity knows no l
Action.c(184):     imits on a vivid 17.3 inch diagonal HP ZBook 17 G2. Showcase your best work in the office 
Action.c(184):     or on the go and take advantage of HP\xE2\x80\x99s most powerful processing, graphics, sim
Action.c(184):     ple scalability, and blazing-fast connectivity to perform and collaborate at the speed of 
Action.c(184):     creativity.","imageUrl":"1800","attributes":[{"attributeName":"DISPLAY RESOLUTION","attrib
Action.c(184):     uteValue":"1920x1080","showInFilter":false},{"attributeName":"OPERATING SYSTEM","attribute
Action.c(184):     Value":"Windows 7 Professional 64","showInFilter":true},{"attributeName":"MEMORY","attribu
Action.c(184):     teValue":"8 GB 1600 MHz DDR3L SDRAM (2 x 4 GB)","showInFilter":false},{"attributeName":"TO
Action.c(184):     UCHSCREEN","attributeValue":"No","showInFilter":false},{"attributeName":"PROCESSOR","attri
Action.c(184):     buteValue":"Intel\xC2\xAE Core\xE2\x84\xA2 i7-4710MQ with Intel HD Graphics 4600 (2.5 GHz,
Action.c(184):      up to 3.5 GHz with Intel Turbo Boost Technology, 6 MB cache, 4 cores)","showInFilter":tru
Action.c(184):     e},{"attributeName":"DISPLAY","attributeValue":"17.3 inch diagonal LED-backlit FHD WVA ant
Action.c(184):     i-glare (1920 x 1080)","showInFilter":true},{"attributeName":"CUSTOMIZATION","attributeVal
Action.c(184):     ue":"Business","showInFilter":false},{"attributeName":"DISPLAY SIZE","attributeValue":"17.
Action.c(184):     3","showInFilter":false},{"attributeName":"WEIGHT","attributeValue":"7.42 lb","showInFilte
Action.c(184):     r":true}],"colors":[{"code":"414141","name":"BLACK","inStock":10},{"code":"C3C3C3","name":
Action.c(184):     "GRAY","inStock":10}],"images":["ABCDEF##1803","ABCDEF##1800","ABCDEF##1802","ABCDEF##1801
Action.c(184):     "],"productStatus":"Active"}],"colors":["414141","3683D1","545195","C3C3C3","DD3A5B","55CD
Action.c(184):     D5","FFFFFF","FCC23D"]},{"categoryId":2,"categoryName":"HEADPHONES","categoryImageId":"hea
Action.c(184):     dphones","promotedProduct":{"id":13,"staringPrice":"200","promotionHeader":"FEEL YOUR MUSI
Action.c(184):     C","promotionSubHeader":"Lighter, stronger and more confortable","productName":"Bose Sound
Action.c(184):     Link Around-ear Wireless Headphones II","price":279.95,"description":"Wireless freedom mee
Action.c(184):     ts best-in-class sound.","imageUrl":"2300","attributes":[{"attributeName":"WEIGHT","attrib
Action.c(184):     uteValue":"0.15 lb"},{"attributeName":"COMPATIBILITY","attributeValue":"Compatible with mo
Action.c(184):     st notebook PCs, netbooks, tablets, mobile phones, and MP3 players with BlueTooth support.
Action.c(184):     "},{"attributeName":"CONNECTOR","attributeValue":"BlueTooth"}]},"attributes":[{"attributeN
Action.c(184):     ame":"CONNECTOR","attributeValues":["Jack 3.5 mm","BlueTooth"]},{"attributeName":"COMPATIB
Action.c(184):     ILITY","attributeValues":["Compatible with most notebook PCs, netbooks, tablets, mobile ph
Action.c(184):     ones, and MP3 players with BlueTooth support.","Compatible with most notebook PCs, netbook
Action.c(184):     s, tablets, mobile phones, and MP3 players with a 3.5 mm port available.","Compatible acro
Action.c(184):     ss all devices having 3.5 mm audio connector (Smart phone compatibility may vary)."]},{"at
Action.c(184):     tributeName":"WEIGHT","attributeValues":["0.15 lb","0.03 lb","0.07 lb","0.57 lb","2.6 lb"]
Action.c(184):     },{"attributeName":"DISPLAY SIZE","attributeValues":["11.6"]}],"products":[{"productId":15
Action.c(184):     ,"categoryId":2,"productName":"Beats Studio 2 Over-Ear Matte Black Headphones","price":179
Action.c(184):     .99,"description":"The world\xE2\x80\x99s most famous headphone has been completely redesi
Action.c(184):     gned and reimagined. The new Beats Studio\xC2\xAE is lighter, sexier, stronger, and more c
Action.c(184):     omfortable, with precision sound, Adaptive Noise Canceling, a 20-hour rechargeable battery
Action.c(184):     , and RemoteTalk\xE2\x84\xA2. It has all the energy and excitement you expect from Beats, 
Action.c(184):     plus a powerful, reengineered sound.","imageUrl":"2200","attributes":[{"attributeName":"CO
Action.c(184):     MPATIBILITY","attributeValue":"Compatible across all devices having 3.5 mm audio connector
Action.c(184):      (Smart phone compatibility may vary).","showInFilter":true},{"attributeName":"CONNECTOR",
Action.c(184):     "attributeValue":"Jack 3.5 mm","showInFilter":true},{"attributeName":"WEIGHT","attributeVa
Action.c(184):     lue":"0.57 lb","showInFilter":true}],"colors":[{"code":"414141","name":"BLACK","inStock":1
Action.c(184):     0}],"images":["414141##2200","414141##2201"],"productStatus":"Active"},{"productId":13,"ca
Action.c(184):     tegoryId":2,"productName":"Bose SoundLink Around-ear Wireless Headphones II","price":279.9
Action.c(184):     5,"description":"Wireless freedom meets best-in-class sound.","imageUrl":"2300","attribute
Action.c(184):     s":[{"attributeName":"WEIGHT","attributeValue":"0.15 lb","showInFilter":true},{"attributeN
Action.c(184):     ame":"COMPATIBILITY","attributeValue":"Compatible with most notebook PCs, netbooks, tablet
Action.c(184):     s, mobile phones, and MP3 players with BlueTooth support.","showInFilter":true},{"attribut
Action.c(184):     eName":"CONNECTOR","attributeValue":"BlueTooth","showInFilter":true}],"colors":[{"code":"4
Action.c(184):     14141","name":"BLACK","inStock":0},{"code":"55CDD5","name":"TURQUOISE","inStock":0}],"imag
Action.c(184):     es":["ABCDEF##2301","ABCDEF##2300"],"productStatus":"OutOfStock"},{"productId":54,"categor
Action.c(184):     yId":2,"productName":"game of thrones","price":10000.0,"description":"My book","imageUrl":
Action.c(184):     "1245","attributes":[{"attributeName":"WEIGHT","attributeValue":"2.6 lb","showInFilter":tr
Action.c(184):     ue},{"attributeName":"DISPLAY SIZE","attributeValue":"11.6","showInFilter":false}],"colors
Action.c(184):     ":[{"code":"545195","name":"PURPLE","inStock":10},{"code":"3683D1","name":"BLUE","inStock"
Action.c(184):     :10}],"images":["3683D1##1501","545195##1245","3683D1##1502"],"productStatus":"Active"},{"
Action.c(184):     productId":52,"categoryId":2,"productName":"game of thrones","price":10000.0,"description"
Action.c(184):     :"My book","imageUrl":"1245","attributes":[{"attributeName":"DISPLAY SIZE","attributeValue
Action.c(184):     ":"11.6","showInFilter":false},{"attributeName":"WEIGHT","attributeValue":"2.6 lb","showIn
Action.c(184):     Filter":true}],"colors":[{"code":"545195","name":"PURPLE","inStock":10},{"code":"3683D1","
Action.c(184):     name":"BLUE","inStock":10}],"images":["545195##1245","3683D1##1502","3683D1##1501"],"produ
Action.c(184):     ctStatus":"Active"},{"productId":53,"categoryId":2,"productName":"game of thrones","price"
Action.c(184):     :10000.0,"description":"My book","imageUrl":"1245","attributes":[{"attributeName":"DISPLAY
Action.c(184):      SIZE","attributeValue":"11.6","showInFilter":false},{"attributeName":"WEIGHT","attributeV
Action.c(184):     alue":"2.6 lb","showInFilter":true}],"colors":[{"code":"545195","name":"PURPLE","inStock":
Action.c(184):     10},{"code":"3683D1","name":"BLUE","inStock":10}],"images":["3683D1##1501","545195##1245",
Action.c(184):     "3683D1##1502"],"productStatus":"Active"},{"productId":35,"categoryId":2,"productName":"ga
Action.c(184):     me of thrones","price":10000.0,"description":"My book","imageUrl":"1245","attributes":[{"a
Action.c(184):     ttributeName":"DISPLAY SIZE","attributeValue":"11.6","showInFilter":false},{"attributeName
Action.c(184):     ":"WEIGHT","attributeValue":"2.6 lb","showInFilter":true}],"colors":[{"code":"3683D1","nam
Action.c(184):     e":"BLUE","inStock":10},{"code":"545195","name":"PURPLE","inStock":10}],"images":["545195#
Action.c(184):     #1245","3683D1##1501","3683D1##1502"],"productStatus":"Active"},{"productId":36,"categoryI
Action.c(184):     d":2,"productName":"game of thrones","price":10000.0,"description":"My book","imageUrl":"1
Action.c(184):     245","attributes":[{"attributeName":"WEIGHT","attributeValue":"2.6 lb","showInFilter":true
Action.c(184):     },{"attributeName":"DISPLAY SIZE","attributeValue":"11.6","showInFilter":false}],"colors":
Action.c(184):     [{"code":"3683D1","name":"BLUE","inStock":10},{"code":"545195","name":"PURPLE","inStock":1
Action.c(184):     0}],"images":["545195##1245","3683D1##1501","3683D1##1502"],"productStatus":"Active"},{"pr
Action.c(184):     oductId":37,"categoryId":2,"productName":"game of thrones","price":10000.0,"description":"
Action.c(184):     My book","imageUrl":"1245","attributes":[{"attributeName":"WEIGHT","attributeValue":"2.6 l
Action.c(184):     b","showInFilter":true},{"attributeName":"DISPLAY SIZE","attributeValue":"11.6","showInFil
Action.c(184):     ter":false}],"colors":[{"code":"545195","name":"PURPLE","inStock":10},{"code":"3683D1","na
Action.c(184):     me":"BLUE","inStock":10}],"images":["3683D1##1502","3683D1##1501","545195##1245"],"product
Action.c(184):     Status":"Active"},{"productId":38,"categoryId":2,"productName":"game of thrones","price":1
Action.c(184):     0000.0,"description":"My book","imageUrl":"1245","attributes":[{"attributeName":"DISPLAY S
Action.c(184):     IZE","attributeValue":"11.6","showInFilter":false},{"attributeName":"WEIGHT","attributeVal
Action.c(184):     ue":"2.6 lb","showInFilter":true}],"colors":[{"cod
Action.c(184): t=3850346ms: 12288-byte DECODED response body for "https://www.advantageonlineshopping.com/catalog/api/v1/categories/all_data" (RelFrameId=1, Internal ID=4790)
Action.c(184):     e":"545195","name":"PURPLE","inStock":10},{"code":"3683D1","name":"BLUE","inStock":10}],"i
Action.c(184):     mages":["545195##1245","3683D1##1501","3683D1##1502"],"productStatus":"Active"},{"productI
Action.c(184):     d":39,"categoryId":2,"productName":"game of thrones","price":10000.0,"description":"My boo
Action.c(184):     k","imageUrl":"1245","attributes":[{"attributeName":"DISPLAY SIZE","attributeValue":"11.6"
Action.c(184):     ,"showInFilter":false},{"attributeName":"WEIGHT","attributeValue":"2.6 lb","showInFilter":
Action.c(184):     true}],"colors":[{"code":"545195","name":"PURPLE","inStock":10},{"code":"3683D1","name":"B
Action.c(184):     LUE","inStock":10}],"images":["3683D1##1502","545195##1245","3683D1##1501"],"productStatus
Action.c(184):     ":"Active"},{"productId":40,"categoryId":2,"productName":"game of thrones","price":10000.0
Action.c(184):     ,"description":"My book","imageUrl":"1245","attributes":[{"attributeName":"DISPLAY SIZE","
Action.c(184):     attributeValue":"11.6","showInFilter":false},{"attributeName":"WEIGHT","attributeValue":"2
Action.c(184):     .6 lb","showInFilter":true}],"colors":[{"code":"3683D1","name":"BLUE","inStock":10},{"code
Action.c(184):     ":"545195","name":"PURPLE","inStock":10}],"images":["3683D1##1501","3683D1##1502","545195#
Action.c(184):     #1245"],"productStatus":"Active"},{"productId":41,"categoryId":2,"productName":"game of th
Action.c(184):     rones","price":10000.0,"description":"My book","imageUrl":"1245","attributes":[{"attribute
Action.c(184):     Name":"WEIGHT","attributeValue":"2.6 lb","showInFilter":true},{"attributeName":"DISPLAY SI
Action.c(184):     ZE","attributeValue":"11.6","showInFilter":false}],"colors":[{"code":"545195","name":"PURP
Action.c(184):     LE","inStock":10},{"code":"3683D1","name":"BLUE","inStock":10}],"images":["3683D1##1501","
Action.c(184):     3683D1##1502","545195##1245"],"productStatus":"Active"},{"productId":42,"categoryId":2,"pr
Action.c(184):     oductName":"game of thrones","price":10000.0,"description":"My book","imageUrl":"1245","at
Action.c(184):     tributes":[{"attributeName":"DISPLAY SIZE","attributeValue":"11.6","showInFilter":false},{
Action.c(184):     "attributeName":"WEIGHT","attributeValue":"2.6 lb","showInFilter":true}],"colors":[{"code"
Action.c(184):     :"545195","name":"PURPLE","inStock":10},{"code":"3683D1","name":"BLUE","inStock":10}],"ima
Action.c(184):     ges":["545195##1245","3683D1##1502","3683D1##1501"],"productStatus":"Active"},{"productId"
Action.c(184):     :43,"categoryId":2,"productName":"game of thrones","price":10000.0,"description":"My book"
Action.c(184):     ,"imageUrl":"1245","attributes":[{"attributeName":"DISPLAY SIZE","attributeValue":"11.6","
Action.c(184):     showInFilter":false},{"attributeName":"WEIGHT","attributeValue":"2.6 lb","showInFilter":tr
Action.c(184):     ue}],"colors":[{"code":"3683D1","name":"BLUE","inStock":10},{"code":"545195","name":"PURPL
Action.c(184):     E","inStock":10}],"images":["3683D1##1502","3683D1##1501","545195##1245"],"productStatus":
Action.c(184):     "Active"},{"productId":44,"categoryId":2,"productName":"game of thrones","price":10000.0,"
Action.c(184):     description":"My book","imageUrl":"1245","attributes":[{"attributeName":"WEIGHT","attribut
Action.c(184):     eValue":"2.6 lb","showInFilter":true},{"attributeName":"DISPLAY SIZE","attributeValue":"11
Action.c(184):     .6","showInFilter":false}],"colors":[{"code":"545195","name":"PURPLE","inStock":10},{"code
Action.c(184):     ":"3683D1","name":"BLUE","inStock":10}],"images":["3683D1##1502","3683D1##1501","545195##1
Action.c(184):     245"],"productStatus":"Active"},{"productId":45,"categoryId":2,"productName":"game of thro
Action.c(184):     nes","price":10000.0,"description":"My book","imageUrl":"1245","attributes":[{"attributeNa
Action.c(184):     me":"DISPLAY SIZE","attributeValue":"11.6","showInFilter":false},{"attributeName":"WEIGHT"
Action.c(184):     ,"attributeValue":"2.6 lb","showInFilter":true}],"colors":[{"code":"545195","name":"PURPLE
Action.c(184):     ","inStock":10},{"code":"3683D1","name":"BLUE","inStock":10}],"images":["545195##1245","36
Action.c(184):     83D1##1501","3683D1##1502"],"productStatus":"Active"},{"productId":46,"categoryId":2,"prod
Action.c(184):     uctName":"game of thrones","price":10000.0,"description":"My book","imageUrl":"1245","attr
Action.c(184):     ibutes":[{"attributeName":"DISPLAY SIZE","attributeValue":"11.6","showInFilter":false},{"a
Action.c(184):     ttributeName":"WEIGHT","attributeValue":"2.6 lb","showInFilter":true}],"colors":[{"code":"
Action.c(184):     3683D1","name":"BLUE","inStock":10},{"code":"545195","name":"PURPLE","inStock":10}],"image
Action.c(184):     s":["545195##1245","3683D1##1502","3683D1##1501"],"productStatus":"Active"},{"productId":4
Action.c(184):     7,"categoryId":2,"productName":"game of thrones","price":10000.0,"description":"My book","
Action.c(184):     imageUrl":"1245","attributes":[{"attributeName":"WEIGHT","attributeValue":"2.6 lb","showIn
Action.c(184):     Filter":true},{"attributeName":"DISPLAY SIZE","attributeValue":"11.6","showInFilter":false
Action.c(184):     }],"colors":[{"code":"545195","name":"PURPLE","inStock":10},{"code":"3683D1","name":"BLUE"
Action.c(184):     ,"inStock":10}],"images":["3683D1##1502","3683D1##1501","545195##1245"],"productStatus":"A
Action.c(184):     ctive"},{"productId":48,"categoryId":2,"productName":"game of thrones","price":10000.0,"de
Action.c(184):     scription":"My book","imageUrl":"1245","attributes":[{"attributeName":"WEIGHT","attributeV
Action.c(184):     alue":"2.6 lb","showInFilter":true},{"attributeName":"DISPLAY SIZE","attributeValue":"11.6
Action.c(184):     ","showInFilter":false}],"colors":[{"code":"545195","name":"PURPLE","inStock":10},{"code":
Action.c(184):     "3683D1","name":"BLUE","inStock":10}],"images":["545195##1245","3683D1##1502","3683D1##150
Action.c(184):     1"],"productStatus":"Active"},{"productId":49,"categoryId":2,"productName":"game of throne
Action.c(184):     s","price":10000.0,"description":"My book","imageUrl":"1245","attributes":[{"attributeName
Action.c(184):     ":"DISPLAY SIZE","attributeValue":"11.6","showInFilter":false},{"attributeName":"WEIGHT","
Action.c(184):     attributeValue":"2.6 lb","showInFilter":true}],"colors":[{"code":"3683D1","name":"BLUE","i
Action.c(184):     nStock":10},{"code":"545195","name":"PURPLE","inStock":10}],"images":["3683D1##1501","3683
Action.c(184):     D1##1502","545195##1245"],"productStatus":"Active"},{"productId":50,"categoryId":2,"produc
Action.c(184):     tName":"game of thrones","price":10000.0,"description":"My book","imageUrl":"1245","attrib
Action.c(184):     utes":[{"attributeName":"DISPLAY SIZE","attributeValue":"11.6","showInFilter":false},{"att
Action.c(184):     ributeName":"WEIGHT","attributeValue":"2.6 lb","showInFilter":true}],"colors":[{"code":"54
Action.c(184):     5195","name":"PURPLE","inStock":10},{"code":"3683D1","name":"BLUE","inStock":10}],"images"
Action.c(184):     :["3683D1##1501","3683D1##1502","545195##1245"],"productStatus":"Active"},{"productId":51,
Action.c(184):     "categoryId":2,"productName":"game of thrones","price":10000.0,"description":"My book","im
Action.c(184):     ageUrl":"1245","attributes":[{"attributeName":"WEIGHT","attributeValue":"2.6 lb","showInFi
Action.c(184):     lter":true},{"attributeName":"DISPLAY SIZE","attributeValue":"11.6","showInFilter":false}]
Action.c(184):     ,"colors":[{"code":"3683D1","name":"BLUE","inStock":10},{"code":"545195","name":"PURPLE","
Action.c(184):     inStock":10}],"images":["545195##1245","3683D1##1502","3683D1##1501"],"productStatus":"Act
Action.c(184):     ive"},{"productId":12,"categoryId":2,"productName":"HP H2310 In-ear Headset","price":13.99
Action.c(184):     ,"description":"Enjoy an acoustic concert in your ears with HP\xE2\x80\x99s In-Ear Headset
Action.c(184):      H2310. Available in trend-setting design in four color options and compatible with most s
Action.c(184):     martphones, MP3 players and tablets \xE2\x80\x93 including Android\xE2\x84\xA2 and Apple\xC2
Action.c(184):     \xAE. Easily switch from jamming to tunes to connecting with friends using the inline micr
Action.c(184):     ophone. Quality craftsmanship, value priced, and awesome sound.","imageUrl":"2100","attrib
Action.c(184):     utes":[{"attributeName":"COMPATIBILITY","attributeValue":"Compatible with most notebook PC
Action.c(184):     s, netbooks, tablets, mobile phones, and MP3 players with a 3.5 mm port available.","showI
Action.c(184):     nFilter":true},{"attributeName":"CONNECTOR","attributeValue":"Jack 3.5 mm","showInFilter":
Action.c(184):     true},{"attributeName":"WEIGHT","attributeValue":"0.03 lb","showInFilter":true}],"colors":
Action.c(184):     [{"code":"DD3A5B","name":"RED","inStock":10},{"code":"FFFFFF","name":"WHITE","inStock":10}
Action.c(184):     ,{"code":"55CDD5","name":"TURQUOISE","inStock":10},{"code":"3683D1","name":"BLUE","inStock
Action.c(184):     ":10},{"code":"FCC23D","name":"YELLOW","inStock":10},{"code":"414141","name":"BLACK","inSt
Action.c(184):     ock":10},{"code":"545195","name":"PURPLE","inStock":10},{"code":"C3C3C3","name":"GRAY","in
Action.c(184):     Stock":10}],"images":["ABCDEF##2100"],"productStatus":"Active"},{"productId":14,"categoryI
Action.c(184):     d":2,"productName":"Logitech USB Headset H390","price":39.99,"description":"Features on th
Action.c(184):     is product will exceeded your expectations.","imageUrl":"2400","attributes":[{"attributeNa
Action.c(184):     me":"COMPATIBILITY","attributeValue":"Compatible with most notebook PCs, netbooks, tablets
Action.c(184):     , mobile phones, and MP3 players with a 3.5 mm port available.","showInFilter":true},{"att
Action.c(184):     ributeName":"WEIGHT","attributeValue":"0.07 lb","showInFilter":true},{"attributeName":"CON
Action.c(184):     NECTOR","attributeValue":"Jack 3.5 mm","showInFilter":true}],"colors":[{"code":"FCC23D","n
Action.c(184):     ame":"YELLOW","inStock":10},{"code":"55CDD5","name":"TURQUOISE","inStock":10},{"code":"414
Action.c(184):     141","name":"BLACK","inStock":10}],"images":["ABCDEF##2400"],"productStatus":"Active"}],"c
Action.c(184):     olors":["414141","545195","3683D1","C3C3C3","DD3A5B","55CDD5","FFFFFF","FCC23D"]},{"catego
Action.c(184):     ryId":3,"categoryName":"TABLETS","categoryImageId":"tablets","promotedProduct":{"id":16,"s
Action.c(184):     taringPrice":"1429","promotionHeader":"TRAVEL CONFIDENTLY AND IN STYLE","promotionSubHeade
Action.c(184):     r":"Built for durability and mobility","productName":"HP ElitePad 1000 G2 Tablet","price":
Action.c(184):     1009.0,"description":"More than a tablet\xE2\x80\x94a total business solution. The elegant
Action.c(184):      and sleek HP ElitePad 1000 G2 has the performance and flexibility to transform the way yo
Action.c(184):     u work. Redefine productivity and stay light with the confidence of the leading manageabil
Action.c(184):     ity, security, and support you expect from HP.","imageUrl":"3100","attributes":[{"attribut
Action.c(184):     eName":"OPERATING SYSTEM","attributeValue":"Windows 8.1 Pro 64"},{"attributeName":"DISPLAY
Action.c(184):     ","attributeValue":"10.1\\" diagonal WXGA UWVA (1900 x 1200), capacitive multi-touch scree
Action.c(184):     n with digitizer, Corning\xC2\xAE Gorilla\xC2\xAE Glass 3 with anti-smudge coating"},{"att
Action.c(184):     ributeName":"MEMORY","attributeValue":"4 GB 1067 MHz LPDDR3 SDRAM"},{"attributeName":"PROC
Action.c(184):     ESSOR","attributeValue":"Intel\xC2\xAE Atom\xC2\xAE Z3795 (1.6 GHz, up to 2.39 GHz using I
Action.c(184):     ntel Burst Technology, 2 MB cache, 4 cores)"},{"attributeName":"GRAPHICS","attributeValue"
Action.c(184):     :"Intel HD Graphics"}]},"attributes":[{"attributeName":"GRAPHICS","attributeValues":["Inte
Action.c(184):     l\xC2\xAE HD Graphics 5300","Intel HD Graphics","Intel\xC2\xAE HD Graphics"]},{"attributeN
Action.c(184):     ame":"OPERATING SYSTEM","attributeValues":["Windows 8.1 Pro 64"]},{"attributeName":"PROCES
Action.c(184):     SOR","attributeValues":["Intel\xC2\xAE Core\xE2\x84\xA2 M-5Y71 with Intel HD Graphics 5300
Action.c(184):      (1.2 GHz, up to 2.9 GHz with Intel Turbo Boost Technology, 4 MB cache, 2 cores)","Intel\xC2
Action.c(184):     \xAE Atom\xE2\x84\xA2 x5-Z8500 with Intel HD Graphics (1.44 GHz, up to 2.24 GHz using Inte
Action.c(184):     l Burst Technology, 2 MB cache, 4 cores)","Intel\xC2\xAE Atom\xC2\xAE Z3795 (1.6 GHz, up t
Action.c(184):     o 2.39 GHz using Intel Burst Technology, 2 MB cache, 4 cores)"]},{"attributeName":"MEMORY"
Action.c(184):     ,"attributeValues":["8 GB 1600 MHz LPDDR3 SDRAM (onboard)","4 GB 1067 MHz LPDDR3 SDRAM","2
Action.c(184):      GB LPDDR3-1600 SDRAM"]},{"attributeName":"DISPLAY","attributeValues":["11.6\\" diagonal F
Action.c(184):     HD BrightView eDP ultra-slim LED-backlit touch screen (1920 x 1080)","7.9\\" diagonal FHD 
Action.c(184):     multi-touch display with Corning\xC2\xAE Gorilla\xC2\xAE Glass\xC2\xAE (2048 x 1536)","10.
Action.c(184):     1\\" diagonal WXGA UWVA (1900 x 1200), capacitive multi-touch screen with digitizer, Corni
Action.c(184):     ng\xC2\xAE Gorilla\xC2\xAE Glass 3 with anti-smudge coating"]}],"products":[{"productId":1
Action.c(184):     6,"categoryId":3,"productName":"HP ElitePad 1000 G2 Tablet","price":1009.0,"description":"
Action.c(184):     More than a tablet\xE2\x80\x94a total business solution. The elegant and sleek HP ElitePad
Action.c(184):      1000 G2 has the performance and flexibility to transform the way you work. Redefine produ
Action.c(184):     ctivity and stay light with the confidence of the leading manageability, security, and sup
Action.c(184):     port you expect from HP.","imageUrl":"3100","attributes":[{"attributeName":"OPERATING SYST
Action.c(184):     EM","attributeValue":"Windows 8.1 Pro 64","showInFilter":false},{"attributeName":"DISPLAY"
Action.c(184):     ,"attributeValue":"10.1\\" diagonal WXGA UWVA (1900 x 1200), capacitive multi-touch screen
Action.c(184):      with digitizer, Corning\xC2\xAE Gorilla\xC2\xAE Glass 3 with anti-smudge coating","showIn
Action.c(184):     Filter":true},{"attributeName":"MEMORY","attributeValue":"4 GB 1067 MHz LPDDR3 SDRAM","sho
Action.c(184):     wInFilter":false},{"attributeName":"PROCESSOR","attributeValue":"Intel\xC2\xAE Atom\xC2\xAE
Action.c(184):      Z3795 (1.6 GHz, up to 2.39 GHz using Intel Burst Technology, 2 MB cache, 4 cores)","showI
Action.c(184):     nFilter":true},{"attributeName":"GRAPHICS","attributeValue":"Intel HD Graphics","showInFil
Action.c(184):     ter":false}],"colors":[{"code":"C3C3C3","name":"GRAY","inStock":10},{"code":"414141","name
Action.c(184):     ":"BLUE","inStock":10}],"images":["ABCDEF##3103","ABCDEF##3102","ABCDEF##3101","ABCDEF##31
Action.c(184):     00"],"productStatus":"Active"},{"productId":17,"categoryId":3,"productName":"HP Elite x2 1
Action.c(184):     011 G1 Tablet","price":1279.0,"description":"Ultrabook\xE2\x84\xA2[2] Power\\nPower up for
Action.c(184):      ultimate power with Windows 8.1,[1] 5th Gen Intel\xC2\xAE Core\xE2\x84\xA2 M processors,[
Action.c(184):     4] with optional vPro\xE2\x84\xA2[5] and long battery life provided by dual tablet an
Action.c(184): t=3850348ms: 12288-byte DECODED response body for "https://www.advantageonlineshopping.com/catalog/api/v1/categories/all_data" (RelFrameId=1, Internal ID=4790)
Action.c(184):     d keyboard base batteries.","imageUrl":"3200","attributes":[{"attributeName":"MEMORY","att
Action.c(184):     ributeValue":"8 GB 1600 MHz LPDDR3 SDRAM (onboard)","showInFilter":false},{"attributeName"
Action.c(184):     :"OPERATING SYSTEM","attributeValue":"Windows 8.1 Pro 64","showInFilter":false},{"attribut
Action.c(184):     eName":"GRAPHICS","attributeValue":"Intel\xC2\xAE HD Graphics 5300","showInFilter":false},
Action.c(184):     {"attributeName":"PROCESSOR","attributeValue":"Intel\xC2\xAE Core\xE2\x84\xA2 M-5Y71 with 
Action.c(184):     Intel HD Graphics 5300 (1.2 GHz, up to 2.9 GHz with Intel Turbo Boost Technology, 4 MB cac
Action.c(184):     he, 2 cores)","showInFilter":true},{"attributeName":"DISPLAY","attributeValue":"11.6\\" di
Action.c(184):     agonal FHD BrightView eDP ultra-slim LED-backlit touch screen (1920 x 1080)","showInFilter
Action.c(184):     ":true}],"colors":[{"code":"414141","name":"BLACK","inStock":10},{"code":"C3C3C3","name":"
Action.c(184):     GRAY","inStock":10}],"images":["ABCDEF##3202","ABCDEF##3200","ABCDEF##3201"],"productStatu
Action.c(184):     s":"Active"},{"productId":18,"categoryId":3,"productName":"HP Pro Tablet 608 G1","price":4
Action.c(184):     79.0,"description":"Transform your business with this small stylish business tablet equipp
Action.c(184):     ed with a brilliant, high definition display and the pervasive connectivity to mobilize ne
Action.c(184):     arly any business process. Choose from an expansive choice of accessories[2] for a customi
Action.c(184):     zed experience.","imageUrl":"3300","attributes":[{"attributeName":"MEMORY","attributeValue
Action.c(184):     ":"2 GB LPDDR3-1600 SDRAM","showInFilter":false},{"attributeName":"PROCESSOR","attributeVa
Action.c(184):     lue":"Intel\xC2\xAE Atom\xE2\x84\xA2 x5-Z8500 with Intel HD Graphics (1.44 GHz, up to 2.24
Action.c(184):      GHz using Intel Burst Technology, 2 MB cache, 4 cores)","showInFilter":true},{"attributeN
Action.c(184):     ame":"GRAPHICS","attributeValue":"Intel\xC2\xAE HD Graphics","showInFilter":false},{"attri
Action.c(184):     buteName":"DISPLAY","attributeValue":"7.9\\" diagonal FHD multi-touch display with Corning
Action.c(184):     \xC2\xAE Gorilla\xC2\xAE Glass\xC2\xAE (2048 x 1536)","showInFilter":true},{"attributeName
Action.c(184):     ":"OPERATING SYSTEM","attributeValue":"Windows 8.1 Pro 64","showInFilter":false}],"colors"
Action.c(184):     :[{"code":"C3C3C3","name":"GRAY","inStock":10},{"code":"414141","name":"BLACK","inStock":1
Action.c(184):     0}],"images":["ABCDEF##3301","ABCDEF##3302","ABCDEF##3300","ABCDEF##3303"],"productStatus"
Action.c(184):     :"Active"}],"colors":["414141","C3C3C3"]},{"categoryId":4,"categoryName":"SPEAKERS","categ
Action.c(184):     oryImageId":"speakers","promotedProduct":{"id":19,"staringPrice":"200","promotionHeader":"
Action.c(184):     ENJOY PREMIUM SOUND","promotionSubHeader":"Colorful style meets serious sound","productNam
Action.c(184):     e":"HP S9500 Bluetooth Wireless Speaker","price":200.0,"description":"Impress \xE2\x80\xA6
Action.c(184):      everyone! Futuristic design with perforated steel formed into subtle angles. Requiring on
Action.c(184):     ly minimal space, this speaker is the ideal complement to any setting.","imageUrl":"4100",
Action.c(184):     "attributes":[{"attributeName":"WIRELESS TECHNOLOGY","attributeValue":"Bluetooh\xC2\xAE"},
Action.c(184):     {"attributeName":"WEIGHT","attributeValue":"1.95 lb"},{"attributeName":"MANUFACTURER","att
Action.c(184):     ributeValue":"HP"},{"attributeName":"CONNECTOR","attributeValue":"Wireless"},{"attributeNa
Action.c(184):     me":"COMPATIBILITY","attributeValue":"Any device that has bluetooth enabled"}]},"attribute
Action.c(184):     s":[{"attributeName":"CONNECTOR","attributeValues":["Wireless"]},{"attributeName":"COMPATI
Action.c(184):     BILITY","attributeValues":["Any device that has bluetooth enabled or a 3.5 mm audio connec
Action.c(184):     tor.","Any device that has bluetooth enabled"]},{"attributeName":"WEIGHT","attributeValues
Action.c(184):     ":["3.03 lb","1.95 lb","0.55 lb","1.26 lb","1.1 lb","1.25 lb","1.0 lb"]},{"attributeName":
Action.c(184):     "WIRELESS TECHNOLOGY","attributeValues":["Bluetooh\xC2\xAE","Bluetooth\xC2\xAE"]},{"attrib
Action.c(184):     uteName":"MANUFACTURER","attributeValues":["Bose","Logitech","HP"]}],"products":[{"product
Action.c(184):     Id":20,"categoryId":4,"productName":"Bose Soundlink Bluetooth Speaker III","price":269.99,
Action.c(184):     "description":"Meet the speaker that brings your music and friends together-with a style t
Action.c(184):     hat's all your own. The SoundLink\xC2\xAE Bluetooth speaker III is our best-performing mob
Action.c(184):     ile Bluetooth speaker. It plays louder and longer than its popular predecessor, with advan
Action.c(184):     ced Bose\xC2\xAE technologies that reproduce the fullness, clarity and depth of your music
Action.c(184):     . And a colorful assortment of optional covers let you personalize your speaker.","imageUr
Action.c(184):     l":"4200","attributes":[{"attributeName":"MANUFACTURER","attributeValue":"Bose","showInFil
Action.c(184):     ter":true},{"attributeName":"CONNECTOR","attributeValue":"Wireless","showInFilter":true},{
Action.c(184):     "attributeName":"WIRELESS TECHNOLOGY","attributeValue":"Bluetooh\xC2\xAE","showInFilter":t
Action.c(184):     rue},{"attributeName":"WEIGHT","attributeValue":"3.03 lb","showInFilter":true},{"attribute
Action.c(184):     Name":"COMPATIBILITY","attributeValue":"Any device that has bluetooth enabled","showInFilt
Action.c(184):     er":true}],"colors":[{"code":"C3C3C3","name":"GRAY","inStock":10},{"code":"414141","name":
Action.c(184):     "BLACK","inStock":10}],"images":["ABCDEF##4200"],"productStatus":"Active"},{"productId":25
Action.c(184):     ,"categoryId":4,"productName":"Bose SoundLink Wireless Speaker","price":129.0,"description
Action.c(184):     ":"If music is your motivation, wait until you hear the SoundLink\xC2\xAE Color Bluetooth 
Action.c(184):     speaker. It plays your favorite tunes from your favorite Bluetooth device-out loud in clea
Action.c(184):     r, full audio-just about anywhere you want to go. It's small, durable and simple to use. A
Action.c(184):     nd it comes in a spectrum of colors to match almost any style.","imageUrl":"4700","attribu
Action.c(184):     tes":[{"attributeName":"CONNECTOR","attributeValue":"Wireless","showInFilter":true},{"attr
Action.c(184):     ibuteName":"WIRELESS TECHNOLOGY","attributeValue":"Bluetooh\xC2\xAE","showInFilter":true},
Action.c(184):     {"attributeName":"WEIGHT","attributeValue":"1.25 lb","showInFilter":true},{"attributeName"
Action.c(184):     :"COMPATIBILITY","attributeValue":"Any device that has bluetooth enabled or a 3.5 mm audio
Action.c(184):      connector.","showInFilter":true},{"attributeName":"MANUFACTURER","attributeValue":"Bose",
Action.c(184):     "showInFilter":true}],"colors":[{"code":"414141","name":"BLACK","inStock":10},{"code":"368
Action.c(184):     3D1","name":"BLUE","inStock":10},{"code":"DD3A5B","name":"RED","inStock":10},{"code":"55CD
Action.c(184):     D5","name":"TURQUOISE","inStock":10}],"images":["55CDD5##4700","3683D1##4704","DD3A5B##470
Action.c(184):     2","414141##4701"],"productStatus":"Active"},{"productId":24,"categoryId":4,"productName":
Action.c(184):     "HP Roar Mini Wireless Speaker","price":44.99,"description":"Attention-getting design, col
Action.c(184):     or, and sound - the HP Roar Mini Wireless Speaker. Exceptional size-defying audio while st
Action.c(184):     reaming music and calls from a distinctively compact speaker.","imageUrl":"4600","attribut
Action.c(184):     es":[{"attributeName":"COMPATIBILITY","attributeValue":"Any device that has bluetooth enab
Action.c(184):     led or a 3.5 mm audio connector.","showInFilter":true},{"attributeName":"CONNECTOR","attri
Action.c(184):     buteValue":"Wireless","showInFilter":true},{"attributeName":"WEIGHT","attributeValue":"0.5
Action.c(184):     5 lb","showInFilter":true},{"attributeName":"WIRELESS TECHNOLOGY","attributeValue":"Blueto
Action.c(184):     oh\xC2\xAE","showInFilter":true},{"attributeName":"MANUFACTURER","attributeValue":"HP","sh
Action.c(184):     owInFilter":true}],"colors":[{"code":"FCC23D","name":"YELLOW","inStock":10},{"code":"C3C3C
Action.c(184):     3","name":"GRAY","inStock":10},{"code":"DD3A5B","name":"RED","inStock":10},{"code":"414141
Action.c(184):     ","name":"BLACK","inStock":10}],"images":["C3C3C3##4603","DD3A5B##4600","414141##4602","FC
Action.c(184):     C23D##4601"],"productStatus":"Active"},{"productId":21,"categoryId":4,"productName":"HP Ro
Action.c(184):     ar Plus Wireless Speaker","price":169.99,"description":"Showcase your music anywhere with 
Action.c(184):     the ease of wireless Bluetooth\xC2\xAE connectivity.","imageUrl":"4300","attributes":[{"at
Action.c(184):     tributeName":"MANUFACTURER","attributeValue":"HP","showInFilter":true},{"attributeName":"C
Action.c(184):     ONNECTOR","attributeValue":"Wireless","showInFilter":true},{"attributeName":"WIRELESS TECH
Action.c(184):     NOLOGY","attributeValue":"Bluetooth\xC2\xAE","showInFilter":true},{"attributeName":"COMPAT
Action.c(184):     IBILITY","attributeValue":"Any device that has bluetooth enabled","showInFilter":true},{"a
Action.c(184):     ttributeName":"WEIGHT","attributeValue":"1.26 lb","showInFilter":true}],"colors":[{"code":
Action.c(184):     "3683D1","name":"BLUE","inStock":10},{"code":"545195","name":"PURPLE","inStock":10},{"code
Action.c(184):     ":"414141","name":"BLACK","inStock":10}],"images":["545195##4308","3683D1##4300","3683D1##
Action.c(184):     4301","414141##4304"],"productStatus":"Active"},{"productId":22,"categoryId":4,"productNam
Action.c(184):     e":"HP Roar Wireless Speaker","price":84.99,"description":"Showcase your music anywhere wi
Action.c(184):     th the ease of wireless Bluetooth\xC2\xAE connectivity.","imageUrl":"4400","attributes":[{
Action.c(184):     "attributeName":"WEIGHT","attributeValue":"1.1 lb","showInFilter":true},{"attributeName":"
Action.c(184):     COMPATIBILITY","attributeValue":"Any device that has bluetooth enabled","showInFilter":tru
Action.c(184):     e},{"attributeName":"CONNECTOR","attributeValue":"Wireless","showInFilter":true},{"attribu
Action.c(184):     teName":"WIRELESS TECHNOLOGY","attributeValue":"Bluetooh\xC2\xAE","showInFilter":true},{"a
Action.c(184):     ttributeName":"MANUFACTURER","attributeValue":"HP","showInFilter":true}],"colors":[{"code"
Action.c(184):     :"FCC23D","name":"YELLOW","inStock":10},{"code":"FFFFFF","name":"WHITE","inStock":10},{"co
Action.c(184):     de":"3683D1","name":"BLUE","inStock":10}],"images":["FFFFFF##4401","FFFFFF##4400","3683D1#
Action.c(184):     #4404","FCC23D##4408"],"productStatus":"Active"},{"productId":19,"categoryId":4,"productNa
Action.c(184):     me":"HP S9500 Bluetooth Wireless Speaker","price":200.0,"description":"Impress \xE2\x80\xA6
Action.c(184):      everyone! Futuristic design with perforated steel formed into subtle angles. Requiring on
Action.c(184):     ly minimal space, this speaker is the ideal complement to any setting.","imageUrl":"4100",
Action.c(184):     "attributes":[{"attributeName":"WIRELESS TECHNOLOGY","attributeValue":"Bluetooh\xC2\xAE","
Action.c(184):     showInFilter":true},{"attributeName":"WEIGHT","attributeValue":"1.95 lb","showInFilter":tr
Action.c(184):     ue},{"attributeName":"MANUFACTURER","attributeValue":"HP","showInFilter":true},{"attribute
Action.c(184):     Name":"CONNECTOR","attributeValue":"Wireless","showInFilter":true},{"attributeName":"COMPA
Action.c(184):     TIBILITY","attributeValue":"Any device that has bluetooth enabled","showInFilter":true}],"
Action.c(184):     colors":[{"code":"C3C3C3","name":"GRAY","inStock":10},{"code":"FFFFFF","name":"WHITE","inS
Action.c(184):     tock":10}],"images":["ABCDEF##4101","ABCDEF##4100"],"productStatus":"Active"},{"productId"
Action.c(184):     :23,"categoryId":4,"productName":"Logitech X100 Speaker System - Wireless Speaker(s)","pri
Action.c(184):     ce":49.99,"description":"Pump up the volume and enjoy crystal-clear sound from this mobile
Action.c(184):      speaker. This portable speaker is perfect for life on-the-go. Take it on the road or rela
Action.c(184):     x and listen at home because this mobile speaker goes everywhere. Simple, intuitive design
Action.c(184):      lets you wirelessly connect and stream music from your Bluetooth-enabled device from up t
Action.c(184):     o 30' away. Easily manage phone calls and volume control from your mobile phone. Enjoy fiv
Action.c(184):     e hours of continuous play before you need to recharge. Recharge the built-in, lithium-ion
Action.c(184):      battery with the convenience of the included micro-USB cable.","imageUrl":"4500","attribu
Action.c(184):     tes":[{"attributeName":"COMPATIBILITY","attributeValue":"Any device that has bluetooth ena
Action.c(184):     bled","showInFilter":true},{"attributeName":"WEIGHT","attributeValue":"1.0 lb","showInFilt
Action.c(184):     er":true},{"attributeName":"CONNECTOR","attributeValue":"Wireless","showInFilter":true},{"
Action.c(184):     attributeName":"WIRELESS TECHNOLOGY","attributeValue":"Bluetooh\xC2\xAE","showInFilter":tr
Action.c(184):     ue},{"attributeName":"MANUFACTURER","attributeValue":"Logitech","showInFilter":true}],"col
Action.c(184):     ors":[{"code":"414141","name":"BLACK","inStock":10}],"images":["414141##4500"],"productSta
Action.c(184):     tus":"Active"}],"colors":["414141","3683D1","545195","C3C3C3","DD3A5B","55CDD5","FFFFFF","
Action.c(184):     FCC23D"]},{"categoryId":5,"categoryName":"MICE","categoryImageId":"mice","promotedProduct"
Action.c(184):     :{"id":28,"staringPrice":"29.99","promotionHeader":"DISCOVER OUR WIRELESS MICE","promotion
Action.c(184):     SubHeader":"designed to work and ready to play","productName":"HP Z3200 Wireless Mouse","p
Action.c(184):     rice":29.99,"description":"The HP Wireless Mouse Z3200 provides powerful Blue LED optical 
Action.c(184):     tracking. Its ambidextrous shape and familiar button controls are easy to use. Compact con
Action.c(184):     toured control.","imageUrl":"5300","attributes":[{"attributeName":"TYPE","attributeValue":
Action.c(184):     "Mouse"},{"attributeName":"CONNECTOR","attributeValue":"Wireless"},{"attributeName":"SENSO
Action.c(184):     R RESOLUTION","attributeValue":"1600 dpi optical sensor"},{"attributeName":"MANUFACTURER",
Action.c(184):     "attributeValue":"HP"},{"attributeName":"SCROLLER TYPE","attributeValue":"Scroll Wheel"}]}
Action.c(184):     ,"attributes":[{"attributeName":"CONNECTOR","attributeValues":["Wireless","USB Cord","Blue
Action.c(184):     tooth\xC2\xAE"]},{"attributeName":"SENSOR RESOLUTION","attributeValues":["1000 dpi optical
Action.c(184):      sensor","N/A","1600 dpi","1600 dpi optical sensor","1000 dpi"]},{"attributeName":"TYPE","
Action.c(184):     attributeValues":["Trackball","Mouse"]},{"attributeName":"MANUFACTURER","attributeValues":
Action.c(184):     ["Logitech","HP","Microsoft","Kensington"]},{"attributeName":"SCROLLER TYPE","attributeVal
Action.c(184):     ues":["Scroll Whell","Scroll Ball","Scroll 
Action.c(184): t=3850350ms: 3814-byte DECODED response body for "https://www.advantageonlineshopping.com/catalog/api/v1/categories/all_data" (RelFrameId=1, Internal ID=4790)
Action.c(184):     Wheel","Touch Scroll","Scroll Ring"]}],"products":[{"productId":29,"categoryId":5,"product
Action.c(184):     Name":"HP USB 3 Button Optical Mouse","price":9.99,"description":"Smooth and Accurate - Th
Action.c(184):     e HP USB 3-Button Optical Mouse is the affordable desktop optical mouse solution that comb
Action.c(184):     ines functionality with style","imageUrl":"5400","attributes":[{"attributeName":"SENSOR RE
Action.c(184):     SOLUTION","attributeValue":"1000 dpi optical sensor","showInFilter":false},{"attributeName
Action.c(184):     ":"MANUFACTURER","attributeValue":"HP","showInFilter":false},{"attributeName":"SCROLLER TY
Action.c(184):     PE","attributeValue":"Scroll Whell","showInFilter":true},{"attributeName":"TYPE","attribut
Action.c(184):     eValue":"Mouse","showInFilter":false},{"attributeName":"CONNECTOR","attributeValue":"USB C
Action.c(184):     ord","showInFilter":false}],"colors":[{"code":"414141","name":"BLACK","inStock":10}],"imag
Action.c(184):     es":["414141##5400"],"productStatus":"Active"},{"productId":28,"categoryId":5,"productName
Action.c(184):     ":"HP Z3200 Wireless Mouse","price":29.99,"description":"The HP Wireless Mouse Z3200 provi
Action.c(184):     des powerful Blue LED optical tracking. Its ambidextrous shape and familiar button control
Action.c(184):     s are easy to use. Compact contoured control.","imageUrl":"5300","attributes":[{"attribute
Action.c(184):     Name":"TYPE","attributeValue":"Mouse","showInFilter":false},{"attributeName":"CONNECTOR","
Action.c(184):     attributeValue":"Wireless","showInFilter":false},{"attributeName":"SENSOR RESOLUTION","att
Action.c(184):     ributeValue":"1600 dpi optical sensor","showInFilter":false},{"attributeName":"MANUFACTURE
Action.c(184):     R","attributeValue":"HP","showInFilter":false},{"attributeName":"SCROLLER TYPE","attribute
Action.c(184):     Value":"Scroll Wheel","showInFilter":true}],"colors":[{"code":"FFFFFF","name":"WHITE","inS
Action.c(184):     tock":10},{"code":"DD3A5B","name":"RED","inStock":10},{"code":"C3C3C3","name":"GRAY","inSt
Action.c(184):     ock":10}],"images":["FFFFFF##5306","DD3A5B##5301","FFFFFF##5304","C3C3C3##5304","FFFFFF##5
Action.c(184):     300","C3C3C3##5300"],"productStatus":"Active"},{"productId":27,"categoryId":5,"productName
Action.c(184):     ":"HP Z3600 Wireless Mouse","price":15.99,"description":"The tiny HP Wireless Mouse Z3600 
Action.c(184):     provides stylish comfort and control for your mobile computing needs. With optical trackin
Action.c(184):     g, 3 button controls, and the freedom to connect up to 30ft (10m) away, this compact mouse
Action.c(184):      provides oversized performance.","imageUrl":"5200","attributes":[{"attributeName":"SENSOR
Action.c(184):      RESOLUTION","attributeValue":"N/A","showInFilter":false},{"attributeName":"SCROLLER TYPE"
Action.c(184):     ,"attributeValue":"Scroll Whell","showInFilter":true},{"attributeName":"CONNECTOR","attrib
Action.c(184):     uteValue":"Wireless","showInFilter":false},{"attributeName":"TYPE","attributeValue":"Mouse
Action.c(184):     ","showInFilter":false},{"attributeName":"MANUFACTURER","attributeValue":"HP","showInFilte
Action.c(184):     r":false}],"colors":[{"code":"FFFFFF","name":"WHITE","inStock":10},{"code":"545195","name"
Action.c(184):     :"PURPLE","inStock":10},{"code":"3683D1","name":"BLUE","inStock":10},{"code":"414141","nam
Action.c(184):     e":"BLACK","inStock":10}],"images":["ABCDEF##5201","545195##5206","FFFFFF##5206","ABCDEF##
Action.c(184):     5200","3683D1##5203"],"productStatus":"Active"},{"productId":30,"categoryId":5,"productNam
Action.c(184):     e":"HP Z4000 Wireless Mouse","price":9.99,"description":"The sleek and low-profiled design
Action.c(184):      make the Z4000 the must-have companion to every thin notebook or tablet. Style and comfor
Action.c(184):     t within a dynamic ultra-mobile wireless mouse.","imageUrl":"5505","attributes":[{"attribu
Action.c(184):     teName":"MANUFACTURER","attributeValue":"HP","showInFilter":false},{"attributeName":"CONNE
Action.c(184):     CTOR","attributeValue":"Wireless","showInFilter":false},{"attributeName":"SENSOR RESOLUTIO
Action.c(184):     N","attributeValue":"N/A","showInFilter":false},{"attributeName":"SCROLLER TYPE","attribut
Action.c(184):     eValue":"Scroll Whell","showInFilter":true},{"attributeName":"TYPE","attributeValue":"Mous
Action.c(184):     e","showInFilter":false}],"colors":[{"code":"545195","name":"PURPLE","inStock":10},{"code"
Action.c(184):     :"3683D1","name":"BLUE","inStock":10},{"code":"DD3A5B","name":"RED","inStock":10}],"images
Action.c(184):     ":["DD3A5B##5504","DD3A5B##5505","
Action.c(184): t=3850351ms: 1086-byte ENCODED response body received for "https://www.advantageonlineshopping.com/catalog/api/v1/categories/all_data" (RelFrameId=1, Internal ID=4790)
Action.c(184): t=3850351ms: 5482-byte DECODED response body for "https://www.advantageonlineshopping.com/catalog/api/v1/categories/all_data" (RelFrameId=1, Internal ID=4790)
Action.c(184):     545195##5501","3683D1##5506"],"productStatus":"Active"},{"productId":33,"categoryId":5,"pr
Action.c(184):     oductName":"HP Z8000 Bluetooth Mouse","price":50.99,"description":"The exquisite HP Z8000 
Action.c(184):     Bluetooth Mouse is only 18mm (.7in) height, saves power with Bluetooth\xC2\xAE Low Energy 
Action.c(184):     connectivity, and provides effortless capacitive touch control. The future is here.","imag
Action.c(184):     eUrl":"5800","attributes":[{"attributeName":"SENSOR RESOLUTION","attributeValue":"1600 dpi
Action.c(184):     ","showInFilter":false},{"attributeName":"MANUFACTURER","attributeValue":"HP","showInFilte
Action.c(184):     r":false},{"attributeName":"TYPE","attributeValue":"Mouse","showInFilter":false},{"attribu
Action.c(184):     teName":"CONNECTOR","attributeValue":"Bluetooth\xC2\xAE","showInFilter":false},{"attribute
Action.c(184):     Name":"SCROLLER TYPE","attributeValue":"Touch Scroll","showInFilter":true}],"colors":[{"co
Action.c(184):     de":"C3C3C3","name":"GRAY","inStock":10},{"code":"414141","name":"BLACK","inStock":10}],"i
Action.c(184):     mages":["ABCDEF##5800","ABCDEF##5801","ABCDEF##5802"],"productStatus":"Active"},{"productI
Action.c(184):     d":32,"categoryId":5,"productName":"Kensington Orbit 72337 Trackball with Scroll Ring","pr
Action.c(184):     ice":39.99,"description":"All-day comfort and scrolling come together in the Kensington Or
Action.c(184):     bit Trackball with Scroll Ring. The scroll ring allows you to fly through web pages and do
Action.c(184):     cuments. And all while delivering comfort and space savings no mouse can match.","imageUrl
Action.c(184):     ":"5700","attributes":[{"attributeName":"SENSOR RESOLUTION","attributeValue":"N/A","showIn
Action.c(184):     Filter":false},{"attributeName":"CONNECTOR","attributeValue":"USB Cord","showInFilter":fal
Action.c(184):     se},{"attributeName":"TYPE","attributeValue":"Trackball","showInFilter":false},{"attribute
Action.c(184):     Name":"MANUFACTURER","attributeValue":"Kensington","showInFilter":false},{"attributeName":
Action.c(184):     "SCROLLER TYPE","attributeValue":"Scroll Ring","showInFilter":true}],"colors":[{"code":"41
Action.c(184):     4141","name":"BLACK","inStock":10},{"code":"3683D1","name":"BLUE","inStock":10}],"images":
Action.c(184):     ["414141##5700"],"productStatus":"Active"},{"productId":26,"categoryId":5,"productName":"K
Action.c(184):     ensington Orbit 72352 Trackball","price":59.99,"description":"The Kensington Orbit Wireles
Action.c(184):     s Mobile Trackball offers a precise, compact and versatile experience with a centered-ball
Action.c(184):      design. With no wires to tie you down, the 2.4 GHz wireless with storable nano receiver w
Action.c(184):     orks wherever you do -- at your home or office. And the unique touch scrolling lets you gl
Action.c(184):     ide effortlessly through web pages and documents.","imageUrl":"5100","attributes":[{"attri
Action.c(184):     buteName":"TYPE","attributeValue":"Trackball","showInFilter":false},{"attributeName":"SCRO
Action.c(184):     LLER TYPE","attributeValue":"Scroll Ball","showInFilter":true},{"attributeName":"MANUFACTU
Action.c(184):     RER","attributeValue":"Kensington","showInFilter":false},{"attributeName":"SENSOR RESOLUTI
Action.c(184):     ON","attributeValue":"N/A","showInFilter":false},{"attributeName":"CONNECTOR","attributeVa
Action.c(184):     lue":"Wireless","showInFilter":false}],"colors":[{"code":"C3C3C3","name":"GRAY","inStock":
Action.c(184):     10},{"code":"DD3A5B","name":"RED","inStock":10}],"images":["ABCDEF##5100"],"productStatus"
Action.c(184):     :"Active"},{"productId":31,"categoryId":5,"productName":"Logitech G502 Proteus Core","pric
Action.c(184):     e":79.99,"description":"MAKE IT YOURS!\\nProteus Core perfectly tuned by you.\\nProteus Co
Action.c(184):     re allows you to change the weight, balance, and enables you to adapt to wherever you choo
Action.c(184):     se to play. Customize it to the way you game and make it yours!\\n\\nPERSONALLY-TUNED PERF
Action.c(184):     ORMANCE\\nAdapts to your environment\\nFine tune the optical sensor in Proteus Core to you
Action.c(184):     r playing surface for better accuracy, precision and responsiveness. A quick tuning proces
Action.c(184):     s, and you are battle ready.","imageUrl":"5600","attributes":[{"attributeName":"SENSOR RES
Action.c(184):     OLUTION","attributeValue":"N/A","showInFilter":false},{"attributeName":"CONNECTOR","attrib
Action.c(184):     uteValue":"USB Cord","showInFilter":false},{"attributeName":"MANUFACTURER","attributeValue
Action.c(184):     ":"Logitech","showInFilter":false},{"attributeName":"TYPE","attributeValue":"Mouse","showI
Action.c(184):     nFilter":false},{"attributeName":"SCROLLER TYPE","attributeValue":"Scroll Whell","showInFi
Action.c(184):     lter":true}],"colors":[{"code":"3683D1","name":"BLUE","inStock":10},{"code":"414141","name
Action.c(184):     ":"BLACK","inStock":10}],"images":["ABCDEF##5600"],"productStatus":"Active"},{"productId":
Action.c(184):     34,"categoryId":5,"productName":"Microsoft Sculpt Touch Mouse","price":49.99,"description"
Action.c(184):     :"Looking for a portable mouse that helps you get things done? Sculpt Touch Mouse saves ti
Action.c(184):     me in long documents and works virtually anywhere, with no cables or transceivers to conne
Action.c(184):     ct. And it's designed to fit comfortably in either hand.\\nThe four-way touch scrolling pa
Action.c(184):     d on the Sculpt Touch Mouse lets you breeze up and down, left and right, and through windo
Action.c(184):     ws and documents with just the swipe of your finger. While you scroll, you'll feel the nic
Action.c(184):     e surprise of tactile feedback. Sculpt Touch Mouse is also a powerful complement to Window
Action.c(184):     s 8, navigating fluidly and intuitively around the Start Screen.\\n","imageUrl":"5900","at
Action.c(184):     tributes":[{"attributeName":"MANUFACTURER","attributeValue":"Microsoft","showInFilter":fal
Action.c(184):     se},{"attributeName":"TYPE","attributeValue":"Mouse","showInFilter":false},{"attributeName
Action.c(184):     ":"CONNECTOR","attributeValue":"Bluetooth\xC2\xAE","showInFilter":false},{"attributeName":
Action.c(184):     "SENSOR RESOLUTION","attributeValue":"1000 dpi","showInFilter":false},{"attributeName":"SC
Action.c(184):     ROLLER TYPE","attributeValue":"Touch Scroll","showInFilter":true}],"colors":[{"code":"C3C3
Action.c(184):     C3","name":"GRAY","inStock":10},{"code":"414141","name":"BLACK","inStock":10}],"images":["
Action.c(184):     ABCDEF##5900"],"productStatus":"Active"}],"colors":["414141","545195","3683D1","C3C3C3","D
Action.c(184):     D3A5B","FFFFFF"]}]
Action.c(184): t=3850352ms: 10-byte ENCODED response body received for "https://www.advantageonlineshopping.com/catalog/api/v1/categories/all_data" (RelFrameId=1, Internal ID=4790)
Action.c(184): t=3850352ms: Request done "https://www.advantageonlineshopping.com/catalog/api/v1/categories/all_data"  	[MsgId: MMSG-26000]
Action.c(184): web_url("all_data") was successful, 8886 body bytes, 375 header bytes  	[MsgId: MMSG-26386]
Action.c(193): Notify: Transaction "Search" ended with a "Pass" status (Duration: 1.1672 Wasted Time: 0.0000).	[MsgId: MMSG-16871]
Action.c(196): Notify: Transaction "UC6_Search" ended with a "Pass" status (Duration: 17.7344 Think Time: 5.0003 Wasted Time: 0.0008).	[MsgId: MMSG-16870]
Ending action Action.	[MsgId: MMSG-15918]
Action was aborted.	[MsgId: MMSG-10694]
Ending Vuser...	[MsgId: MMSG-15966]
Starting action vuser_end.	[MsgId: MMSG-15919]
Ending action vuser_end.	[MsgId: MMSG-15918]
Vuser Terminated.	[MsgId: MMSG-15963]
Action.c(30): t=3850352ms: Closed connection [0] to www.advantageonlineshopping.com:443 after completing 0 request(s)  	[MsgId: MMSG-26000]
Action.c(30): t=3850352ms: Closed connection [1] to www.googletagmanager.com:443 after completing 0 request(s)  	[MsgId: MMSG-26000]
HTML-Mode memory management statistics: Reusable=1, NonReusable=0, CsMemBlockSize=4096, checks disabled  	[MsgId: MMSG-26000]
Vuser 0 (thread 8620), ended OK."	[MsgId: MMSG-10695]
