Action.c(184):     e(TM) i5-6200U Dual CoreProcessor","showInFilter":true}],"colors":[{"code":"C3C3C3","name"
Action.c(184):     :"GRAY","inStock":10}],"images":["C3C3C3##1250"],"productStatus":"Active"},{"productId":7,
Action.c(184):     "categoryId":1,"productName":"HP ENVY - 17t Touch Laptop","price":849.99,"description":"We
Action.c(184):      took our remarkable 360\xC2\xB0 convertible PC and enhanced it with premium features to g
Action.c(184):     ive you ultimate flexibility and enviable looks.","imageUrl":"1700","attributes":[{"attrib
Action.c(184):     uteName":"DISPLAY RESOLUTION","attributeValue":"1920x1080","showInFilter":false},{"attribu
Action.c(184):     teName":"OPERATING SYSTEM","attributeValue":"Windows 10","showInFilter":true},{"attributeN
Action.c(184):     ame":"WEIGHT","attributeValue":"7.25 lb","showInFilter":true},{"attributeName":"PROCESSOR"
Action.c(184):     ,"attributeValue":"Intel(R) Core(TM) i7-5500U Dual Core Processor","showInFilter":true},{"
Action.c(184):     attributeName":"MEMORY","attributeValue":"16GB DDR3 - 2 DIMM","showInFilter":false},{"attr
Action.c(184):     ibuteName":"DISPLAY SIZE","attributeValue":"17.3","showInFilter":false},{"attributeName":"
Action.c(184):     TOUCHSCREEN","attributeValue":"Yes","showInFilter":false},{"attributeName":"CUSTOMIZATION"
Action.c(184):     ,"attributeValue":"Business","showInFilter":false},{"attributeName":"DISPLAY","attributeVa
Action.c(184):     lue":"17.3-inch diagonal Full HD WLED-backlit IPS Display (1920x1080) Touchscreen","showIn
Action.c(184):     Filter":true}],"colors":[{"code":"C3C3C3","name":"GRAY","inStock":10}],"images":["ABCDEF##
Action.c(184):     1703","C3C3C3##1701","ABCDEF##1702","ABCDEF##1700"],"productStatus":"Active"},{"productId"
Action.c(184):     :6,"categoryId":1,"productName":"HP ENVY x360 - 15t Laptop","price":699.99,"description":"
Action.c(184):     We took our remarkable 360\xC2\xB0 convertible PC and enhanced it with premium features to
Action.c(184):      give you ultimate flexibility and enviable looks.","imageUrl":"1600","attributes":[{"attr
Action.c(184):     ibuteName":"OPERATING SYSTEM","attributeValue":"Windows 10","showInFilter":true},{"attribu
Action.c(184):     teName":"DISPLAY RESOLUTION","attributeValue":"1920x1080","showInFilter":false},{"attribut
Action.c(184):     eName":"TOUCHSCREEN","attributeValue":"Yes","showInFilter":false},{"attributeName":"DISPLA
Action.c(184):     Y SIZE","attributeValue":"15.6","showInFilter":false},{"attributeName":"CUSTOMIZATION","at
Action.c(184):     tributeValue":"2-in-1","showInFilter":false},{"attributeName":"MEMORY","attributeValue":"8
Action.c(184):     GB DDR3L - 1 DIMM","showInFilter":false},{"attributeName":"DISPLAY","attributeValue":"15.6
Action.c(184):     -inch diagonal Full HD WLED-backlit IPS Display (1920x1080) Touchscreen","showInFilter":tr
Action.c(184):     ue},{"attributeName":"PROCESSOR","attributeValue":"intel(R) Core(TM) i5-6300HQ","showInFil
Action.c(184):     ter":true},{"attributeName":"WEIGHT","attributeValue":"4.96 lb","showInFilter":true}],"col
Action.c(184):     ors":[{"code":"C3C3C3","name":"GRAY","inStock":10}],"images":["C3C3C3##1603","ABCDEF##1600
Action.c(184):     ","C3C3C3##1601","C3C3C3##1602"],"productStatus":"Active"},{"productId":1,"categoryId":1,"
Action.c(184):     productName":"HP Pavilion 15t Touch Laptop","price":519.99,"description":"Redesigned with 
Action.c(184):     you in mind, the HP Pavilion keeps getting better. Our best-selling notebook is now more p
Action.c(184):     owerful so you can watch more, play more, and store more, all in style.","imageUrl":"1100"
Action.c(184):     ,"attributes":[{"attributeName":"WEIGHT","attributeValue":"4 lb","showInFilter":true},{"at
Action.c(184):     tributeName":"CUSTOMIZATION","attributeValue":"Gaming","showInFilter":false},{"attributeNa
Action.c(184):     me":"MEMORY","attributeValue":"16GB DDR3 - 2 DIMM","showInFilter":false},{"attributeName":
Action.c(184):     "DISPLAY","attributeValue":"15.6-inch diagonal HD WLED-backlit Display (1366x768) Touchscr
Action.c(184):     een","showInFilter":true},{"attributeName":"DISPLAY RESOLUTION","attributeValue":"1366x768
Action.c(184):     ","showInFilter":false},{"attributeName":"TOUCHSCREEN","attributeValue":"Yes","showInFilte
Action.c(184):     r":false},{"attributeName":"OPERATING SYSTEM","attributeValue":"Windows 10","showInFilter"
Action.c(184):     :true},{"attributeName":"PROCESSOR","attributeValue":"Intel(R) Core(TM) i5-6200U Dual Core
Action.c(184):     Processor","showInFilter":true},{"attributeName":"DISPLAY SIZE","attributeValue":"15.6","s
Action.c(184):     howInFilter":false}],"colors":[{"code":"DD3A5B","name":"RED","inStock":10},{"code":"C3C3C3
Action.c(184):     ","name":"GRAY","inStock":10},{"code":"3683D1","name":"BLUE","inStock":10}],"images":["C3C
Action.c(184):     3C3##1100","3683D1##1102","DD3A5B##1101","DD3A5B##1103"],"productStatus":"Active"},{"produ
Action.c(184):     ctId":2,"categoryId":1,"productName":"HP Pavilion 15z Laptop","price":549.99,"description"
Action.c(184):     :"Redesigned with you in mind, the HP Pavilion keeps getting better. Our best-selling note
Action.c(184):     book is now more powerful so you can watch more, play more, and store more, all in style."
Action.c(184):     ,"imageUrl":"1200","attributes":[{"attributeName":"PROCESSOR","attributeValue":"Intel(R) C
Action.c(184):     ore(TM) i5-6200U Dual Core Processor","showInFilter":true},{"attributeName":"TOUCHSCREEN",
Action.c(184):     "attributeValue":"No","showInFilter":false},{"attributeName":"DISPLAY RESOLUTION","attribu
Action.c(184):     teValue":"1366x768","showInFilter":false},{"attributeName":"OPERATING SYSTEM","attributeVa
Action.c(184):     lue":"Windows 10","showInFilter":true},{"attributeName":"MEMORY","attributeValue":"16GB DD
Action.c(184):     R3 - 2 DIMM","showInFilter":false},{"attributeName":"CUSTOMIZATION","attributeValue":"Simp
Action.c(184):     licity","showInFilter":false},{"attributeName":"DISPLAY SIZE","attributeValue":"15.6","sho
Action.c(184):     wInFilter":false},{"attributeName":"DISPLAY","attributeValue":"15.6-inch diagonal HD Brigh
Action.c(184):     tView WLED-backlit Display (1366x768)","showInFilter":true},{"attributeName":"WEIGHT","att
Action.c(184):     ributeValue":"3.4 lb","showInFilter":true}],"colors":[{"code":"414141","name":"BLACK","inS
Action.c(184):     tock":10},{"code":"DD3A5B","name":"RED","inStock":10},{"code":"C3C3C3","name":"GRAY","inSt
Action.c(184):     ock":10},{"code":"3683D1","name":"BLUE","inStock":10}],"images":["3683D1##1201","3683D1##1
Action.c(184):     200","414141##1202","DD3A5B##1203"],"productStatus":"Active"},{"productId":3,"categoryId":
Action.c(184):     1,"productName":"HP Pavilion 15z Touch Laptop","price":449.99,"description":"Redesigned wi
Action.c(184):     th you in mind, the HP Pavilion keeps getting better. Our best-selling notebook is now mor
Action.c(184):     e powerful so you can watch more, play more, and store more, all in style.","imageUrl":"13
Action.c(184):     00","attributes":[{"attributeName":"DISPLAY RESOLUTION","attributeValue":"1920x1080","show
Action.c(184):     InFilter":false},{"attributeName":"OPERATING SYSTEM","attributeValue":"Windows 10","showIn
Action.c(184):     Filter":true},{"attributeName":"DISPLAY SIZE","attributeValue":"15.6","showInFilter":false
Action.c(184):     },{"attributeName":"WEIGHT","attributeValue":"5.51 lb","showInFilter":true},{"attributeNam
Action.c(184):     e":"PROCESSOR","attributeValue":"AMD Quad-Core A10-8700P Processor + AMD Radeon(TM) R6 Gra
Action.c(184):     phics","showInFilter":true},{"attributeName":"DISPLAY","attributeValue":"15.6-inch diagona
Action.c(184):     l Full HD WLED-backlit Display (1920x1080) Touchscreen","showInFilter":true},{"attributeNa
Action.c(184):     me":"MEMORY","attributeValue":"16GB DDR3 - 2 D
Action.c(184): t=6810860ms: 12288-byte DECODED response body for "https://www.advantageonlineshopping.com/catalog/api/v1/categories/all_data" (RelFrameId=1, Internal ID=1961)
Action.c(184):     IMM","showInFilter":false},{"attributeName":"TOUCHSCREEN","attributeValue":"Yes","showInFi
Action.c(184):     lter":false},{"attributeName":"CUSTOMIZATION","attributeValue":"Simplicity","showInFilter"
Action.c(184):     :false}],"colors":[{"code":"545195","name":"PURPLE","inStock":10},{"code":"FCC23D","name":
Action.c(184):     "YELLOW","inStock":10},{"code":"3683D1","name":"BLUE","inStock":10},{"code":"C3C3C3","name
Action.c(184):     ":"GRAY","inStock":10},{"code":"414141","name":"BLACK","inStock":10},{"code":"DD3A5B","nam
Action.c(184):     e":"RED","inStock":10}],"images":["C3C3C3##1302","C3C3C3##1301","414141##1301","3683D1##13
Action.c(184):     00","414141##1302"],"productStatus":"Active"},{"productId":11,"categoryId":1,"productName"
Action.c(184):     :"HP Pavilion x360 - 11t Touch Laptop","price":319.99,"description":"There\xE2\x80\x99s no
Action.c(184):      limit to what this value-packed convertible PC can do. Easily convert from notebook to st
Action.c(184):     and to tent to tablet mode. It\xE2\x80\x99s an app-loving, friend-connecting, 360\xC2\xB0-
Action.c(184):     bending machine.","imageUrl":"11100","attributes":[{"attributeName":"DISPLAY RESOLUTION","
Action.c(184):     attributeValue":"1366x768","showInFilter":false},{"attributeName":"CUSTOMIZATION","attribu
Action.c(184):     teValue":"Simplicity","showInFilter":false},{"attributeName":"PROCESSOR","attributeValue":
Action.c(184):     "Intel(R) Celeron(R) N3050 Processor","showInFilter":true},{"attributeName":"DISPLAY SIZE"
Action.c(184):     ,"attributeValue":"11.6","showInFilter":false},{"attributeName":"TOUCHSCREEN","attributeVa
Action.c(184):     lue":"Yes","showInFilter":false},{"attributeName":"DISPLAY","attributeValue":"11.6-inch di
Action.c(184):     agonal HD WLED-backlit IPS Display (1366x768) Touchscreen","showInFilter":true},{"attribut
Action.c(184):     eName":"OPERATING SYSTEM","attributeValue":"Windows 10","showInFilter":true},{"attributeNa
Action.c(184):     me":"WEIGHT","attributeValue":"3.21 lb","showInFilter":true},{"attributeName":"MEMORY","at
Action.c(184):     tributeValue":"8GB DDR3L - 1 DIMM","showInFilter":false}],"colors":[{"code":"C3C3C3","name
Action.c(184):     ":"GRAY","inStock":10},{"code":"55CDD5","name":"TURQUOISE","inStock":10},{"code":"DD3A5B",
Action.c(184):     "name":"RED","inStock":10}],"images":["C3C3C3##11102","DD3A5B##11103","C3C3C3##11101","55C
Action.c(184):     DD5##11100"],"productStatus":"Active"},{"productId":4,"categoryId":1,"productName":"HP Spe
Action.c(184):     ctre x360 - 13-4102dx","price":1399.99,"description":"Stunning, ultra-slim convertible PC 
Action.c(184):     with a 360\xC2\xB0 hinge","imageUrl":"1400","attributes":[{"attributeName":"PROCESSOR","at
Action.c(184):     tributeValue":"Intel\xC2\xAE Core\xE2\x84\xA2 i7-5500U with Intel HD Graphics 5500 (2.4 GH
Action.c(184):     z, 4 MB cache, 2 cores)","showInFilter":true},{"attributeName":"DISPLAY","attributeValue":
Action.c(184):     "13.3 inch diagonal QHD IPS Radiance Infinity LED-backlit touch screen (2560 x 1440)","sho
Action.c(184):     wInFilter":true},{"attributeName":"DISPLAY RESOLUTION","attributeValue":"2560x1440","showI
Action.c(184):     nFilter":false},{"attributeName":"MEMORY","attributeValue":"8 GB DDR3L SDRAM (1 x 8 GB)","
Action.c(184):     showInFilter":false},{"attributeName":"WEIGHT","attributeValue":"3.17 lb","showInFilter":t
Action.c(184):     rue},{"attributeName":"TOUCHSCREEN","attributeValue":"Yes","showInFilter":false},{"attribu
Action.c(184):     teName":"CUSTOMIZATION","attributeValue":"2-in-1","showInFilter":false},{"attributeName":"
Action.c(184):     DISPLAY SIZE","attributeValue":"13.3","showInFilter":false},{"attributeName":"OPERATING SY
Action.c(184):     STEM","attributeValue":"Windows 10","showInFilter":true}],"colors":[{"code":"C3C3C3","name
Action.c(184):     ":"GRAY","inStock":10}],"images":["C3C3C3##1400","C3C3C3##1401","C3C3C3##1402","C3C3C3##14
Action.c(184):     03"],"productStatus":"Active"},{"productId":5,"categoryId":1,"productName":"HP Stream - 11
Action.c(184):     -d020nr Laptop","price":179.99,"description":"Work from a happy place with a stylish, affo
Action.c(184):     rdable, Windows-based PC. Store your content in the cloud for easy access from anywhere yo
Action.c(184):     u have internet.","imageUrl":"1245","attributes":[{"attributeName":"DISPLAY","attributeVal
Action.c(184):     ue":"11.6-diagonal HD anti-glare WLED-backlit (1366 x 768)","showInFilter":true},{"attribu
Action.c(184):     teName":"CUSTOMIZATION","attributeValue":"Gaming","showInFilter":false},{"attributeName":"
Action.c(184):     DISPLAY SIZE","attributeValue":"11.6","showInFilter":false},{"attributeName":"DISPLAY RESO
Action.c(184):     LUTION","attributeValue":"1366x768","showInFilter":false},{"attributeName":"PROCESSOR","at
Action.c(184):     tributeValue":"Intel Turbo Boost Technology","showInFilter":true},{"attributeName":"MEMORY
Action.c(184):     ","attributeValue":"2 GB 1333 MHz DDR3 SDRAM","showInFilter":false},{"attributeName":"TOUC
Action.c(184):     HSCREEN","attributeValue":"No","showInFilter":false},{"attributeName":"WEIGHT","attributeV
Action.c(184):     alue":"2.6 lb","showInFilter":true},{"attributeName":"OPERATING SYSTEM","attributeValue":"
Action.c(184):     Windows 8.1","showInFilter":true}],"colors":[{"code":"3683D1","name":"BLUE","inStock":10},
Action.c(184):     {"code":"545195","name":"PURPLE","inStock":10}],"images":["545195##1245","3683D1##1501","3
Action.c(184):     683D1##1502"],"productStatus":"Active"},{"productId":8,"categoryId":1,"productName":"HP ZB
Action.c(184):     ook 17 G2 Mobile Workstation","price":1799.0,"description":"On the go creativity knows no 
Action.c(184):     limits on a vivid 17.3 inch diagonal HP ZBook 17 G2. Showcase your best work in the office
Action.c(184):      or on the go and take advantage of HP\xE2\x80\x99s most powerful processing, graphics, si
Action.c(184):     mple scalability, and blazing-fast connectivity to perform and collaborate at the speed of
Action.c(184):      creativity.","imageUrl":"1800","attributes":[{"attributeName":"MEMORY","attributeValue":"
Action.c(184):     8 GB 1600 MHz DDR3L SDRAM (2 x 4 GB)","showInFilter":false},{"attributeName":"DISPLAY RESO
Action.c(184):     LUTION","attributeValue":"1920x1080","showInFilter":false},{"attributeName":"OPERATING SYS
Action.c(184):     TEM","attributeValue":"Windows 7 Professional 64","showInFilter":true},{"attributeName":"D
Action.c(184):     ISPLAY","attributeValue":"17.3 inch diagonal LED-backlit FHD WVA anti-glare (1920 x 1080)"
Action.c(184):     ,"showInFilter":true},{"attributeName":"CUSTOMIZATION","attributeValue":"Business","showIn
Action.c(184):     Filter":false},{"attributeName":"WEIGHT","attributeValue":"7.42 lb","showInFilter":true},{
Action.c(184):     "attributeName":"TOUCHSCREEN","attributeValue":"No","showInFilter":false},{"attributeName"
Action.c(184):     :"DISPLAY SIZE","attributeValue":"17.3","showInFilter":false},{"attributeName":"PROCESSOR"
Action.c(184):     ,"attributeValue":"Intel\xC2\xAE Core\xE2\x84\xA2 i7-4710MQ with Intel HD Graphics 4600 (2
Action.c(184):     .5 GHz, up to 3.5 GHz with Intel Turbo Boost Technology, 6 MB cache, 4 cores)","showInFilt
Action.c(184):     er":true}],"colors":[{"code":"C3C3C3","name":"GRAY","inStock":10},{"code":"414141","name":
Action.c(184):     "BLACK","inStock":10}],"images":["ABCDEF##1803","ABCDEF##1800","ABCDEF##1802","ABCDEF##180
Action.c(184):     1"],"productStatus":"Active"}],"colors":["414141","3683D1","545195","C3C3C3","DD3A5B","55C
Action.c(184):     DD5","FFFFFF","FCC23D"]},{"categoryId":2,"categoryName":"HEADPHONES","categoryImageId":"he
Action.c(184):     adphones","promotedProduct":{"id":13,"staringPrice":"200","promotionHeader":"FEEL YOUR MUS
Action.c(184):     IC","promotionSubHeader":"Lighter, stronger and more confortable","productName":"Bose Soun
Action.c(184):     dLink Around-ear Wireless Headphones II","price":279.95,"description":"Wireless freedom me
Action.c(184):     ets best-in-class sound.","imageUrl":"2300","attributes":[{"attributeName":"WEIGHT","attri
Action.c(184):     buteValue":"0.15 lb"},{"attributeName":"CONNECTOR","attributeValue":"BlueTooth"},{"attribu
Action.c(184):     teName":"COMPATIBILITY","attributeValue":"Compatible with most notebook PCs, netbooks, tab
Action.c(184):     lets, mobile phones, and MP3 players with BlueTooth support."}]},"attributes":[{"attribute
Action.c(184):     Name":"CONNECTOR","attributeValues":["Jack 3.5 mm","BlueTooth"]},{"attributeName":"COMPATI
Action.c(184):     BILITY","attributeValues":["Compatible with most notebook PCs, netbooks, tablets, mobile p
Action.c(184):     hones, and MP3 players with BlueTooth support.","Compatible with most notebook PCs, netboo
Action.c(184):     ks, tablets, mobile phones, and MP3 players with a 3.5 mm port available.","Compatible acr
Action.c(184):     oss all devices having 3.5 mm audio connector (Smart phone compatibility may vary)."]},{"a
Action.c(184):     ttributeName":"WEIGHT","attributeValues":["0.15 lb","0.03 lb","0.07 lb","0.57 lb","2.6 lb"
Action.c(184):     ]},{"attributeName":"DISPLAY SIZE","attributeValues":["11.6"]}],"products":[{"productId":1
Action.c(184):     5,"categoryId":2,"productName":"Beats Studio 2 Over-Ear Matte Black Headphones","price":17
Action.c(184):     9.99,"description":"The world\xE2\x80\x99s most famous headphone has been completely redes
Action.c(184):     igned and reimagined. The new Beats Studio\xC2\xAE is lighter, sexier, stronger, and more 
Action.c(184):     comfortable, with precision sound, Adaptive Noise Canceling, a 20-hour rechargeable batter
Action.c(184):     y, and RemoteTalk\xE2\x84\xA2. It has all the energy and excitement you expect from Beats,
Action.c(184):      plus a powerful, reengineered sound.","imageUrl":"2200","attributes":[{"attributeName":"W
Action.c(184):     EIGHT","attributeValue":"0.57 lb","showInFilter":true},{"attributeName":"COMPATIBILITY","a
Action.c(184):     ttributeValue":"Compatible across all devices having 3.5 mm audio connector (Smart phone c
Action.c(184):     ompatibility may vary).","showInFilter":true},{"attributeName":"CONNECTOR","attributeValue
Action.c(184):     ":"Jack 3.5 mm","showInFilter":true}],"colors":[{"code":"414141","name":"BLACK","inStock":
Action.c(184):     10}],"images":["414141##2200","414141##2201"],"productStatus":"Active"},{"productId":13,"c
Action.c(184):     ategoryId":2,"productName":"Bose SoundLink Around-ear Wireless Headphones II","price":279.
Action.c(184):     95,"description":"Wireless freedom meets best-in-class sound.","imageUrl":"2300","attribut
Action.c(184):     es":[{"attributeName":"WEIGHT","attributeValue":"0.15 lb","showInFilter":true},{"attribute
Action.c(184):     Name":"CONNECTOR","attributeValue":"BlueTooth","showInFilter":true},{"attributeName":"COMP
Action.c(184):     ATIBILITY","attributeValue":"Compatible with most notebook PCs, netbooks, tablets, mobile 
Action.c(184):     phones, and MP3 players with BlueTooth support.","showInFilter":true}],"colors":[{"code":"
Action.c(184):     55CDD5","name":"TURQUOISE","inStock":0},{"code":"414141","name":"BLACK","inStock":0}],"ima
Action.c(184):     ges":["ABCDEF##2300","ABCDEF##2301"],"productStatus":"OutOfStock"},{"productId":64,"catego
Action.c(184):     ryId":2,"productName":"game of thrones","price":10000.0,"description":"My book","imageUrl"
Action.c(184):     :"1245","attributes":[{"attributeName":"DISPLAY SIZE","attributeValue":"11.6","showInFilte
Action.c(184):     r":false},{"attributeName":"WEIGHT","attributeValue":"2.6 lb","showInFilter":true}],"color
Action.c(184):     s":[{"code":"3683D1","name":"BLUE","inStock":10},{"code":"545195","name":"PURPLE","inStock
Action.c(184):     ":10}],"images":["545195##1245","3683D1##1501","3683D1##1502"],"productStatus":"Active"},{
Action.c(184):     "productId":62,"categoryId":2,"productName":"game of thrones","price":10000.0,"description
Action.c(184):     ":"My book","imageUrl":"1245","attributes":[{"attributeName":"WEIGHT","attributeValue":"2.
Action.c(184):     6 lb","showInFilter":true},{"attributeName":"DISPLAY SIZE","attributeValue":"11.6","showIn
Action.c(184):     Filter":false}],"colors":[{"code":"3683D1","name":"BLUE","inStock":10},{"code":"545195","n
Action.c(184):     ame":"PURPLE","inStock":10}],"images":["545195##1245","3683D1##1501","3683D1##1502"],"prod
Action.c(184):     uctStatus":"Active"},{"productId":63,"categoryId":2,"productName":"game of thrones","price
Action.c(184):     ":10000.0,"description":"My book","imageUrl":"1245","attributes":[{"attributeName":"DISPLA
Action.c(184):     Y SIZE","attributeValue":"11.6","showInFilter":false},{"attributeName":"WEIGHT","attribute
Action.c(184):     Value":"2.6 lb","showInFilter":true}],"colors":[{"code":"545195","name":"PURPLE","inStock"
Action.c(184):     :10},{"code":"3683D1","name":"BLUE","inStock":10}],"images":["3683D1##1502","545195##1245"
Action.c(184):     ,"3683D1##1501"],"productStatus":"Active"},{"productId":35,"categoryId":2,"productName":"g
Action.c(184):     ame of thrones","price":10000.0,"description":"My book","imageUrl":"1245","attributes":[{"
Action.c(184):     attributeName":"WEIGHT","attributeValue":"2.6 lb","showInFilter":true},{"attributeName":"D
Action.c(184):     ISPLAY SIZE","attributeValue":"11.6","showInFilter":false}],"colors":[{"code":"3683D1","na
Action.c(184):     me":"BLUE","inStock":10},{"code":"545195","name":"PURPLE","inStock":10}],"images":["3683D1
Action.c(184):     ##1501","3683D1##1502","545195##1245"],"productStatus":"Active"},{"productId":36,"category
Action.c(184):     Id":2,"productName":"game of thrones","price":10000.0,"description":"My book","imageUrl":"
Action.c(184):     1245","attributes":[{"attributeName":"WEIGHT","attributeValue":"2.6 lb","showInFilter":tru
Action.c(184):     e},{"attributeName":"DISPLAY SIZE","attributeValue":"11.6","showInFilter":false}],"colors"
Action.c(184):     :[{"code":"545195","name":"PURPLE","inStock":10},{"code":"3683D1","name":"BLUE","inStock":
Action.c(184):     10}],"images":["3683D1##1501","3683D1##1502","545195##1245"],"productStatus":"Active"},{"p
Action.c(184):     roductId":37,"categoryId":2,"productName":"game of thrones","price":10000.0,"description":
Action.c(184):     "My book","imageUrl":"1245","attributes":[{"attributeName":"WEIGHT","attributeValue":"2.6 
Action.c(184):     lb","showInFilter":true},{"attributeName":"DISPLAY SIZE","attributeValue":"11.6","showInFi
Action.c(184):     lter":false}],"colors":[{"code":"545195","name":"PURPLE","inStock":10},{"code":"3683D1","n
Action.c(184):     ame":"BLUE","inStock":10}],"images":["545195##1245","3683D1##1501","3683D1##1502"],"produc
Action.c(184):     tStatus":"Active"},{"productId":38,"categoryId":2,"productName":"game of thrones","price":
Action.c(184):     10000.0,"description":"My book","imageUrl":"1245","attributes":[{"attributeName":"DISPLAY 
Action.c(184):     SIZE","attributeValue":"11.6","showInFilter":false},{"attributeName":"WEIGHT","attributeVa
Action.c(184):     lue":"2.6 lb","showInFilter":true}],"colors":[{"cod
Action.c(184): t=6810861ms: 12288-byte DECODED response body for "https://www.advantageonlineshopping.com/catalog/api/v1/categories/all_data" (RelFrameId=1, Internal ID=1961)
Action.c(184):     e":"3683D1","name":"BLUE","inStock":10},{"code":"545195","name":"PURPLE","inStock":10}],"i
Action.c(184):     mages":["3683D1##1502","3683D1##1501","545195##1245"],"productStatus":"Active"},{"productI
Action.c(184):     d":39,"categoryId":2,"productName":"game of thrones","price":10000.0,"description":"My boo
Action.c(184):     k","imageUrl":"1245","attributes":[{"attributeName":"DISPLAY SIZE","attributeValue":"11.6"
Action.c(184):     ,"showInFilter":false},{"attributeName":"WEIGHT","attributeValue":"2.6 lb","showInFilter":
Action.c(184):     true}],"colors":[{"code":"3683D1","name":"BLUE","inStock":10},{"code":"545195","name":"PUR
Action.c(184):     PLE","inStock":10}],"images":["545195##1245","3683D1##1501","3683D1##1502"],"productStatus
Action.c(184):     ":"Active"},{"productId":40,"categoryId":2,"productName":"game of thrones","price":10000.0
Action.c(184):     ,"description":"My book","imageUrl":"1245","attributes":[{"attributeName":"WEIGHT","attrib
Action.c(184):     uteValue":"2.6 lb","showInFilter":true},{"attributeName":"DISPLAY SIZE","attributeValue":"
Action.c(184):     11.6","showInFilter":false}],"colors":[{"code":"3683D1","name":"BLUE","inStock":10},{"code
Action.c(184):     ":"545195","name":"PURPLE","inStock":10}],"images":["3683D1##1501","545195##1245","3683D1#
Action.c(184):     #1502"],"productStatus":"Active"},{"productId":41,"categoryId":2,"productName":"game of th
Action.c(184):     rones","price":10000.0,"description":"My book","imageUrl":"1245","attributes":[{"attribute
Action.c(184):     Name":"DISPLAY SIZE","attributeValue":"11.6","showInFilter":false},{"attributeName":"WEIGH
Action.c(184):     T","attributeValue":"2.6 lb","showInFilter":true}],"colors":[{"code":"545195","name":"PURP
Action.c(184):     LE","inStock":10},{"code":"3683D1","name":"BLUE","inStock":10}],"images":["3683D1##1501","
Action.c(184):     3683D1##1502","545195##1245"],"productStatus":"Active"},{"productId":42,"categoryId":2,"pr
Action.c(184):     oductName":"game of thrones","price":10000.0,"description":"My book","imageUrl":"1245","at
Action.c(184):     tributes":[{"attributeName":"WEIGHT","attributeValue":"2.6 lb","showInFilter":true},{"attr
Action.c(184):     ibuteName":"DISPLAY SIZE","attributeValue":"11.6","showInFilter":false}],"colors":[{"code"
Action.c(184):     :"3683D1","name":"BLUE","inStock":10},{"code":"545195","name":"PURPLE","inStock":10}],"ima
Action.c(184):     ges":["545195##1245","3683D1##1501","3683D1##1502"],"productStatus":"Active"},{"productId"
Action.c(184):     :43,"categoryId":2,"productName":"game of thrones","price":10000.0,"description":"My book"
Action.c(184):     ,"imageUrl":"1245","attributes":[{"attributeName":"DISPLAY SIZE","attributeValue":"11.6","
Action.c(184):     showInFilter":false},{"attributeName":"WEIGHT","attributeValue":"2.6 lb","showInFilter":tr
Action.c(184):     ue}],"colors":[{"code":"3683D1","name":"BLUE","inStock":10},{"code":"545195","name":"PURPL
Action.c(184):     E","inStock":10}],"images":["3683D1##1502","3683D1##1501","545195##1245"],"productStatus":
Action.c(184):     "Active"},{"productId":44,"categoryId":2,"productName":"game of thrones","price":10000.0,"
Action.c(184):     description":"My book","imageUrl":"1245","attributes":[{"attributeName":"DISPLAY SIZE","at
Action.c(184):     tributeValue":"11.6","showInFilter":false},{"attributeName":"WEIGHT","attributeValue":"2.6
Action.c(184):      lb","showInFilter":true}],"colors":[{"code":"3683D1","name":"BLUE","inStock":10},{"code":
Action.c(184):     "545195","name":"PURPLE","inStock":10}],"images":["545195##1245","3683D1##1502","3683D1##1
Action.c(184):     501"],"productStatus":"Active"},{"productId":45,"categoryId":2,"productName":"game of thro
Action.c(184):     nes","price":10000.0,"description":"My book","imageUrl":"1245","attributes":[{"attributeNa
Action.c(184):     me":"DISPLAY SIZE","attributeValue":"11.6","showInFilter":false},{"attributeName":"WEIGHT"
Action.c(184):     ,"attributeValue":"2.6 lb","showInFilter":true}],"colors":[{"code":"545195","name":"PURPLE
Action.c(184):     ","inStock":10},{"code":"3683D1","name":"BLUE","inStock":10}],"images":["3683D1##1501","36
Action.c(184):     83D1##1502","545195##1245"],"productStatus":"Active"},{"productId":46,"categoryId":2,"prod
Action.c(184):     uctName":"game of thrones","price":10000.0,"description":"My book","imageUrl":"1245","attr
Action.c(184):     ibutes":[{"attributeName":"WEIGHT","attributeValue":"2.6 lb","showInFilter":true},{"attrib
Action.c(184):     uteName":"DISPLAY SIZE","attributeValue":"11.6","showInFilter":false}],"colors":[{"code":"
Action.c(184):     3683D1","name":"BLUE","inStock":10},{"code":"545195","name":"PURPLE","inStock":10}],"image
Action.c(184):     s":["545195##1245","3683D1##1502","3683D1##1501"],"productStatus":"Active"},{"productId":4
Action.c(184):     7,"categoryId":2,"productName":"game of thrones","price":10000.0,"description":"My book","
Action.c(184):     imageUrl":"1245","attributes":[{"attributeName":"WEIGHT","attributeValue":"2.6 lb","showIn
Action.c(184):     Filter":true},{"attributeName":"DISPLAY SIZE","attributeValue":"11.6","showInFilter":false
Action.c(184):     }],"colors":[{"code":"3683D1","name":"BLUE","inStock":10},{"code":"545195","name":"PURPLE"
Action.c(184):     ,"inStock":10}],"images":["545195##1245","3683D1##1502","3683D1##1501"],"productStatus":"A
Action.c(184):     ctive"},{"productId":48,"categoryId":2,"productName":"game of thrones","price":10000.0,"de
Action.c(184):     scription":"My book","imageUrl":"1245","attributes":[{"attributeName":"DISPLAY SIZE","attr
Action.c(184):     ibuteValue":"11.6","showInFilter":false},{"attributeName":"WEIGHT","attributeValue":"2.6 l
Action.c(184):     b","showInFilter":true}],"colors":[{"code":"545195","name":"PURPLE","inStock":10},{"code":
Action.c(184):     "3683D1","name":"BLUE","inStock":10}],"images":["545195##1245","3683D1##1502","3683D1##150
Action.c(184):     1"],"productStatus":"Active"},{"productId":49,"categoryId":2,"productName":"game of throne
Action.c(184):     s","price":10000.0,"description":"My book","imageUrl":"1245","attributes":[{"attributeName
Action.c(184):     ":"DISPLAY SIZE","attributeValue":"11.6","showInFilter":false},{"attributeName":"WEIGHT","
Action.c(184):     attributeValue":"2.6 lb","showInFilter":true}],"colors":[{"code":"3683D1","name":"BLUE","i
Action.c(184):     nStock":10},{"code":"545195","name":"PURPLE","inStock":10}],"images":["545195##1245","3683
Action.c(184):     D1##1501","3683D1##1502"],"productStatus":"Active"},{"productId":50,"categoryId":2,"produc
Action.c(184):     tName":"game of thrones","price":10000.0,"description":"My book","imageUrl":"1245","attrib
Action.c(184):     utes":[{"attributeName":"WEIGHT","attributeValue":"2.6 lb","showInFilter":true},{"attribut
Action.c(184):     eName":"DISPLAY SIZE","attributeValue":"11.6","showInFilter":false}],"colors":[{"code":"54
Action.c(184):     5195","name":"PURPLE","inStock":10},{"code":"3683D1","name":"BLUE","inStock":10}],"images"
Action.c(184):     :["545195##1245","3683D1##1502","3683D1##1501"],"productStatus":"Active"},{"productId":51,
Action.c(184):     "categoryId":2,"productName":"game of thrones","price":10000.0,"description":"My book","im
Action.c(184):     ageUrl":"1245","attributes":[{"attributeName":"WEIGHT","attributeValue":"2.6 lb","showInFi
Action.c(184):     lter":true},{"attributeName":"DISPLAY SIZE","attributeValue":"11.6","showInFilter":false}]
Action.c(184):     ,"colors":[{"code":"545195","name":"PURPLE","inStock":10},{"code":"3683D1","name":"BLUE","
Action.c(184):     inStock":10}],"images":["545195##1245","3683D1##1501","3683D1##1502"],"productStatus":"Act
Action.c(184):     ive"},{"productId":52,"categoryId":2,"productName":"game of thrones","price":10000.0,"desc
Action.c(184):     ription":"My book","imageUrl":"1245","attributes":[{"attributeName":"DISPLAY SIZE","attrib
Action.c(184):     uteValue":"11.6","showInFilter":false},{"attributeName":"WEIGHT","attributeValue":"2.6 lb"
Action.c(184):     ,"showInFilter":true}],"colors":[{"code":"545195","name":"PURPLE","inStock":10},{"code":"3
Action.c(184):     683D1","name":"BLUE","inStock":10}],"images":["545195##1245","3683D1##1501","3683D1##1502"
Action.c(184):     ],"productStatus":"Active"},{"productId":53,"categoryId":2,"productName":"game of thrones"
Action.c(184):     ,"price":10000.0,"description":"My book","imageUrl":"1245","attributes":[{"attributeName":
Action.c(184):     "DISPLAY SIZE","attributeValue":"11.6","showInFilter":false},{"attributeName":"WEIGHT","at
Action.c(184):     tributeValue":"2.6 lb","showInFilter":true}],"colors":[{"code":"3683D1","name":"BLUE","inS
Action.c(184):     tock":10},{"code":"545195","name":"PURPLE","inStock":10}],"images":["3683D1##1501","3683D1
Action.c(184):     ##1502","545195##1245"],"productStatus":"Active"},{"productId":54,"categoryId":2,"productN
Action.c(184):     ame":"game of thrones","price":10000.0,"description":"My book","imageUrl":"1245","attribut
Action.c(184):     es":[{"attributeName":"DISPLAY SIZE","attributeValue":"11.6","showInFilter":false},{"attri
Action.c(184):     buteName":"WEIGHT","attributeValue":"2.6 lb","showInFilter":true}],"colors":[{"code":"3683
Action.c(184):     D1","name":"BLUE","inStock":10},{"code":"545195","name":"PURPLE","inStock":10}],"images":[
Action.c(184):     "545195##1245","3683D1##1501","3683D1##1502"],"productStatus":"Active"},{"productId":55,"c
Action.c(184):     ategoryId":2,"productName":"game of thrones","price":10000.0,"description":"My book","imag
Action.c(184):     eUrl":"1245","attributes":[{"attributeName":"DISPLAY SIZE","attributeValue":"11.6","showIn
Action.c(184):     Filter":false},{"attributeName":"WEIGHT","attributeValue":"2.6 lb","showInFilter":true}],"
Action.c(184):     colors":[{"code":"3683D1","name":"BLUE","inStock":10},{"code":"545195","name":"PURPLE","in
Action.c(184):     Stock":10}],"images":["545195##1245","3683D1##1501","3683D1##1502"],"productStatus":"Activ
Action.c(184):     e"},{"productId":56,"categoryId":2,"productName":"game of thrones","price":10000.0,"descri
Action.c(184):     ption":"My book","imageUrl":"1245","attributes":[{"attributeName":"WEIGHT","attributeValue
Action.c(184):     ":"2.6 lb","showInFilter":true},{"attributeName":"DISPLAY SIZE","attributeValue":"11.6","s
Action.c(184):     howInFilter":false}],"colors":[{"code":"545195","name":"PURPLE","inStock":10},{"code":"368
Action.c(184):     3D1","name":"BLUE","inStock":10}],"images":["3683D1##1502","3683D1##1501","545195##1245"],
Action.c(184):     "productStatus":"Active"},{"productId":57,"categoryId":2,"productName":"game of thrones","
Action.c(184):     price":10000.0,"description":"My book","imageUrl":"1245","attributes":[{"attributeName":"D
Action.c(184):     ISPLAY SIZE","attributeValue":"11.6","showInFilter":false},{"attributeName":"WEIGHT","attr
Action.c(184):     ibuteValue":"2.6 lb","showInFilter":true}],"colors":[{"code":"3683D1","name":"BLUE","inSto
Action.c(184):     ck":10},{"code":"545195","name":"PURPLE","inStock":10}],"images":["545195##1245","3683D1##
Action.c(184):     1502","3683D1##1501"],"productStatus":"Active"},{"productId":58,"categoryId":2,"productNam
Action.c(184):     e":"game of thrones","price":10000.0,"description":"My book","imageUrl":"1245","attributes
Action.c(184):     ":[{"attributeName":"DISPLAY SIZE","attributeValue":"11.6","showInFilter":false},{"attribu
Action.c(184):     teName":"WEIGHT","attributeValue":"2.6 lb","showInFilter":true}],"colors":[{"code":"3683D1
Action.c(184):     ","name":"BLUE","inStock":10},{"code":"545195","name":"PURPLE","inStock":10}],"images":["5
Action.c(184):     45195##1245","3683D1##1501","3683D1##1502"],"productStatus":"Active"},{"productId":59,"cat
Action.c(184):     egoryId":2,"productName":"game of thrones","price":10000.0,"description":"My book","imageU
Action.c(184):     rl":"1245","attributes":[{"attributeName":"WEIGHT","attributeValue":"2.6 lb","showInFilter
Action.c(184):     ":true},{"attributeName":"DISPLAY SIZE","attributeValue":"11.6","showInFilter":false}],"co
Action.c(184):     lors":[{"code":"545195","name":"PURPLE","inStock":10},{"code":"3683D1","name":"BLUE","inSt
Action.c(184):     ock":10}],"images":["3683D1##1501","545195##1245","3683D1##1502"],"productStatus":"Active"
Action.c(184):     },{"productId":60,"categoryId":2,"productName":"game of thrones","price":10000.0,"descript
Action.c(184):     ion":"My book","imageUrl":"1245","attributes":[{"attributeName":"WEIGHT","attributeValue":
Action.c(184):     "2.6 lb","showInFilter":true},{"attributeName":"DISPLAY SIZE","attributeValue":"11.6","sho
Action.c(184):     wInFilter":false}],"colors":[{"code":"3683D1","name":"BLUE","inStock":10},{"code":"545195"
Action.c(184):     ,"name":"PURPLE","inStock":10}],"images":["3683D1##1502","3683D1##1501","545195##1245"],"p
Action.c(184):     roductStatus":"Active"},{"productId":61,"categoryId":2,"productName":"game of thrones","pr
Action.c(184):     ice":10000.0,"description":"My book","imageUrl":"1245","attributes":[{"attributeName":"WEI
Action.c(184):     GHT","attributeValue":"2.6 lb","showInFilter":true},{"attributeName":"DISPLAY SIZE","attri
Action.c(184):     buteValue":"11.6","showInFilter":false}],"colors":[{"code":"3683D1","name":"BLUE","inStock
Action.c(184):     ":10},{"code":"545195","name":"PURPLE","inStock":10}],"images":["3683D1##1502","3683D1##15
Action.c(184):     01","545195##1245"],"productStatus":"Active"},{"productId":12,"categoryId":2,"productName"
Action.c(184):     :"HP H2310 In-ear Headset","price":13.99,"description":"Enjoy an acoustic concert in your 
Action.c(184):     ears with HP\xE2\x80\x99s In-Ear Headset H2310. Available in trend-setting design in four 
Action.c(184):     color options and compatible with most smartphones, MP3 players and tablets \xE2\x80\x93 i
Action.c(184):     ncluding Android\xE2\x84\xA2 and Apple\xC2\xAE. Easily switch from jamming to tunes to con
Action.c(184):     necting with friends using the inline microphone. Quality craftsmanship, value priced, and
Action.c(184):      awesome sound.","imageUrl":"2100","attributes":[{"attributeName":"CONNECTOR","attributeVa
Action.c(184):     lue":"Jack 3.5 mm","showInFilter":true},{"attributeName":"WEIGHT","attributeValue":"0.03 l
Action.c(184):     b","showInFilter":true},{"attributeName":"COMPATIBILITY","attributeValue":"Compatible with
Action.c(184):      most notebook PCs, netbooks, tablets, mobile phones, and MP3 players with a 3.5 mm port a
Action.c(184):     vailable.","showInFilter":true}],"colors":[{"code":"FCC23D","name":"YELLOW","inStock":10},
Action.c(184):     {"code":"414141","name":"BLACK","inStock":10},{"code":"C3C3C3","name":"GRAY","inStock":10}
Action.c(184):     ,{"code":"545195","name":"PURPLE","inStock":10},{"code":"3683D1","name":"BLUE","inStock":1
Action.c(184):     0},{"code":"DD3A5B","name":"RED","inStock":10},{"code":"FFFFFF","name":"WHITE","inStock":1
Action.c(184):     0},{"code":"55CDD5","name":"TURQUOISE","inStock":10}],"images":["ABCDEF##2100"],"
Action.c(184): t=6810863ms: 12288-byte DECODED response body for "https://www.advantageonlineshopping.com/catalog/api/v1/categories/all_data" (RelFrameId=1, Internal ID=1961)
Action.c(184):     productStatus":"Active"},{"productId":14,"categoryId":2,"productName":"Logitech USB Headse
Action.c(184):     t H390","price":39.99,"description":"Features on this product will exceeded your expectati
Action.c(184):     ons.","imageUrl":"2400","attributes":[{"attributeName":"COMPATIBILITY","attributeValue":"C
Action.c(184):     ompatible with most notebook PCs, netbooks, tablets, mobile phones, and MP3 players with a
Action.c(184):      3.5 mm port available.","showInFilter":true},{"attributeName":"WEIGHT","attributeValue":"
Action.c(184):     0.07 lb","showInFilter":true},{"attributeName":"CONNECTOR","attributeValue":"Jack 3.5 mm",
Action.c(184):     "showInFilter":true}],"colors":[{"code":"414141","name":"BLACK","inStock":10},{"code":"55C
Action.c(184):     DD5","name":"TURQUOISE","inStock":10},{"code":"FCC23D","name":"YELLOW","inStock":10}],"ima
Action.c(184):     ges":["ABCDEF##2400"],"productStatus":"Active"}],"colors":["414141","3683D1","545195","C3C
Action.c(184):     3C3","DD3A5B","55CDD5","FFFFFF","FCC23D"]},{"categoryId":3,"categoryName":"TABLETS","categ
Action.c(184):     oryImageId":"tablets","promotedProduct":{"id":16,"staringPrice":"1429","promotionHeader":"
Action.c(184):     TRAVEL CONFIDENTLY AND IN STYLE","promotionSubHeader":"Built for durability and mobility",
Action.c(184):     "productName":"HP ElitePad 1000 G2 Tablet","price":1009.0,"description":"More than a table
Action.c(184):     t\xE2\x80\x94a total business solution. The elegant and sleek HP ElitePad 1000 G2 has the 
Action.c(184):     performance and flexibility to transform the way you work. Redefine productivity and stay 
Action.c(184):     light with the confidence of the leading manageability, security, and support you expect f
Action.c(184):     rom HP.","imageUrl":"3100","attributes":[{"attributeName":"PROCESSOR","attributeValue":"In
Action.c(184):     tel\xC2\xAE Atom\xC2\xAE Z3795 (1.6 GHz, up to 2.39 GHz using Intel Burst Technology, 2 MB
Action.c(184):      cache, 4 cores)"},{"attributeName":"OPERATING SYSTEM","attributeValue":"Windows 8.1 Pro 6
Action.c(184):     4"},{"attributeName":"DISPLAY","attributeValue":"10.1\\" diagonal WXGA UWVA (1900 x 1200),
Action.c(184):      capacitive multi-touch screen with digitizer, Corning\xC2\xAE Gorilla\xC2\xAE Glass 3 wit
Action.c(184):     h anti-smudge coating"},{"attributeName":"GRAPHICS","attributeValue":"Intel HD Graphics"},
Action.c(184):     {"attributeName":"MEMORY","attributeValue":"4 GB 1067 MHz LPDDR3 SDRAM"}]},"attributes":[{
Action.c(184):     "attributeName":"GRAPHICS","attributeValues":["Intel\xC2\xAE HD Graphics 5300","Intel HD G
Action.c(184):     raphics","Intel\xC2\xAE HD Graphics"]},{"attributeName":"OPERATING SYSTEM","attributeValue
Action.c(184):     s":["Windows 8.1 Pro 64"]},{"attributeName":"PROCESSOR","attributeValues":["Intel\xC2\xAE 
Action.c(184):     Core\xE2\x84\xA2 M-5Y71 with Intel HD Graphics 5300 (1.2 GHz, up to 2.9 GHz with Intel Tur
Action.c(184):     bo Boost Technology, 4 MB cache, 2 cores)","Intel\xC2\xAE Atom\xE2\x84\xA2 x5-Z8500 with I
Action.c(184):     ntel HD Graphics (1.44 GHz, up to 2.24 GHz using Intel Burst Technology, 2 MB cache, 4 cor
Action.c(184):     es)","Intel\xC2\xAE Atom\xC2\xAE Z3795 (1.6 GHz, up to 2.39 GHz using Intel Burst Technolo
Action.c(184):     gy, 2 MB cache, 4 cores)"]},{"attributeName":"MEMORY","attributeValues":["8 GB 1600 MHz LP
Action.c(184):     DDR3 SDRAM (onboard)","4 GB 1067 MHz LPDDR3 SDRAM","2 GB LPDDR3-1600 SDRAM"]},{"attributeN
Action.c(184):     ame":"DISPLAY","attributeValues":["11.6\\" diagonal FHD BrightView eDP ultra-slim LED-back
Action.c(184):     lit touch screen (1920 x 1080)","7.9\\" diagonal FHD multi-touch display with Corning\xC2\xAE
Action.c(184):      Gorilla\xC2\xAE Glass\xC2\xAE (2048 x 1536)","10.1\\" diagonal WXGA UWVA (1900 x 1200), c
Action.c(184):     apacitive multi-touch screen with digitizer, Corning\xC2\xAE Gorilla\xC2\xAE Glass 3 with 
Action.c(184):     anti-smudge coating"]}],"products":[{"productId":16,"categoryId":3,"productName":"HP Elite
Action.c(184):     Pad 1000 G2 Tablet","price":1009.0,"description":"More than a tablet\xE2\x80\x94a total bu
Action.c(184):     siness solution. The elegant and sleek HP ElitePad 1000 G2 has the performance and flexibi
Action.c(184):     lity to transform the way you work. Redefine productivity and stay light with the confiden
Action.c(184):     ce of the leading manageability, security, and support you expect from HP.","imageUrl":"31
Action.c(184):     00","attributes":[{"attributeName":"PROCESSOR","attributeValue":"Intel\xC2\xAE Atom\xC2\xAE
Action.c(184):      Z3795 (1.6 GHz, up to 2.39 GHz using Intel Burst Technology, 2 MB cache, 4 cores)","showI
Action.c(184):     nFilter":true},{"attributeName":"OPERATING SYSTEM","attributeValue":"Windows 8.1 Pro 64","
Action.c(184):     showInFilter":false},{"attributeName":"DISPLAY","attributeValue":"10.1\\" diagonal WXGA UW
Action.c(184):     VA (1900 x 1200), capacitive multi-touch screen with digitizer, Corning\xC2\xAE Gorilla\xC2
Action.c(184):     \xAE Glass 3 with anti-smudge coating","showInFilter":true},{"attributeName":"GRAPHICS","a
Action.c(184):     ttributeValue":"Intel HD Graphics","showInFilter":false},{"attributeName":"MEMORY","attrib
Action.c(184):     uteValue":"4 GB 1067 MHz LPDDR3 SDRAM","showInFilter":false}],"colors":[{"code":"414141","
Action.c(184):     name":"BLUE","inStock":10},{"code":"C3C3C3","name":"GRAY","inStock":10}],"images":["ABCDEF
Action.c(184):     ##3103","ABCDEF##3102","ABCDEF##3101","ABCDEF##3100"],"productStatus":"Active"},{"productI
Action.c(184):     d":17,"categoryId":3,"productName":"HP Elite x2 1011 G1 Tablet","price":1279.0,"descriptio
Action.c(184):     n":"Ultrabook\xE2\x84\xA2[2] Power\\nPower up for ultimate power with Windows 8.1,[1] 5th 
Action.c(184):     Gen Intel\xC2\xAE Core\xE2\x84\xA2 M processors,[4] with optional vPro\xE2\x84\xA2[5] and 
Action.c(184):     long battery life provided by dual tablet and keyboard base batteries.","imageUrl":"3200",
Action.c(184):     "attributes":[{"attributeName":"PROCESSOR","attributeValue":"Intel\xC2\xAE Core\xE2\x84\xA2
Action.c(184):      M-5Y71 with Intel HD Graphics 5300 (1.2 GHz, up to 2.9 GHz with Intel Turbo Boost Technol
Action.c(184):     ogy, 4 MB cache, 2 cores)","showInFilter":true},{"attributeName":"OPERATING SYSTEM","attri
Action.c(184):     buteValue":"Windows 8.1 Pro 64","showInFilter":false},{"attributeName":"MEMORY","attribute
Action.c(184):     Value":"8 GB 1600 MHz LPDDR3 SDRAM (onboard)","showInFilter":false},{"attributeName":"DISP
Action.c(184):     LAY","attributeValue":"11.6\\" diagonal FHD BrightView eDP ultra-slim LED-backlit touch sc
Action.c(184):     reen (1920 x 1080)","showInFilter":true},{"attributeName":"GRAPHICS","attributeValue":"Int
Action.c(184):     el\xC2\xAE HD Graphics 5300","showInFilter":false}],"colors":[{"code":"C3C3C3","name":"GRA
Action.c(184):     Y","inStock":10},{"code":"414141","name":"BLACK","inStock":10}],"images":["ABCDEF##3200","
Action.c(184):     ABCDEF##3201","ABCDEF##3202"],"productStatus":"Active"},{"productId":18,"categoryId":3,"pr
Action.c(184):     oductName":"HP Pro Tablet 608 G1","price":479.0,"description":"Transform your business wit
Action.c(184):     h this small stylish business tablet equipped with a brilliant, high definition display an
Action.c(184):     d the pervasive connectivity to mobilize nearly any business process. Choose from an expan
Action.c(184):     sive choice of accessories[2] for a customized experience.","imageUrl":"3300","attributes"
Action.c(184):     :[{"attributeName":"MEMORY","attributeValue":"2 GB LPDDR3-1600 SDRAM","showInFilter":false
Action.c(184):     },{"attributeName":"OPERATING SYSTEM","attributeValue":"Windows 8.1 Pro 64","showInFilter"
Action.c(184):     :false},{"attributeName":"PROCESSOR","attributeValue":"Intel\xC2\xAE Atom\xE2\x84\xA2 x5-Z
Action.c(184):     8500 with Intel HD Graphics (1.44 GHz, up to 2.24 GHz using Intel Burst Technology, 2 MB c
Action.c(184):     ache, 4 cores)","showInFilter":true},{"attributeName":"DISPLAY","attributeValue":"7.9\\" d
Action.c(184):     iagonal FHD multi-touch display with Corning\xC2\xAE Gorilla\xC2\xAE Glass\xC2\xAE (2048 x
Action.c(184):      1536)","showInFilter":true},{"attributeName":"GRAPHICS","attributeValue":"Intel\xC2\xAE H
Action.c(184):     D Graphics","showInFilter":false}],"colors":[{"code":"C3C3C3","name":"GRAY","inStock":10},
Action.c(184):     {"code":"414141","name":"BLACK","inStock":10}],"images":["ABCDEF##3300","ABCDEF##3301","AB
Action.c(184):     CDEF##3302","ABCDEF##3303"],"productStatus":"Active"}],"colors":["414141","C3C3C3"]},{"cat
Action.c(184):     egoryId":4,"categoryName":"SPEAKERS","categoryImageId":"speakers","promotedProduct":{"id":
Action.c(184):     19,"staringPrice":"200","promotionHeader":"ENJOY PREMIUM SOUND","promotionSubHeader":"Colo
Action.c(184):     rful style meets serious sound","productName":"HP S9500 Bluetooth Wireless Speaker","price
Action.c(184):     ":200.0,"description":"Impress \xE2\x80\xA6 everyone! Futuristic design with perforated st
Action.c(184):     eel formed into subtle angles. Requiring only minimal space, this speaker is the ideal com
Action.c(184):     plement to any setting.","imageUrl":"4100","attributes":[{"attributeName":"WEIGHT","attrib
Action.c(184):     uteValue":"1.95 lb"},{"attributeName":"WIRELESS TECHNOLOGY","attributeValue":"Bluetooh\xC2
Action.c(184):     \xAE"},{"attributeName":"COMPATIBILITY","attributeValue":"Any device that has bluetooth en
Action.c(184):     abled"},{"attributeName":"MANUFACTURER","attributeValue":"HP"},{"attributeName":"CONNECTOR
Action.c(184):     ","attributeValue":"Wireless"}]},"attributes":[{"attributeName":"CONNECTOR","attributeValu
Action.c(184):     es":["Wireless"]},{"attributeName":"COMPATIBILITY","attributeValues":["Any device that has
Action.c(184):      bluetooth enabled or a 3.5 mm audio connector.","Any device that has bluetooth enabled"]}
Action.c(184):     ,{"attributeName":"WEIGHT","attributeValues":["3.03 lb","1.95 lb","0.55 lb","1.26 lb","1.1
Action.c(184):      lb","1.25 lb","1.0 lb"]},{"attributeName":"WIRELESS TECHNOLOGY","attributeValues":["Bluet
Action.c(184):     ooh\xC2\xAE","Bluetooth\xC2\xAE"]},{"attributeName":"MANUFACTURER","attributeValues":["Bos
Action.c(184):     e","Logitech","HP"]}],"products":[{"productId":20,"categoryId":4,"productName":"Bose Sound
Action.c(184):     link Bluetooth Speaker III","price":269.99,"description":"Meet the speaker that brings you
Action.c(184):     r music and friends together-with a style that's all your own. The SoundLink\xC2\xAE Bluet
Action.c(184):     ooth speaker III is our best-performing mobile Bluetooth speaker. It plays louder and long
Action.c(184):     er than its popular predecessor, with advanced Bose\xC2\xAE technologies that reproduce th
Action.c(184):     e fullness, clarity and depth of your music. And a colorful assortment of optional covers 
Action.c(184):     let you personalize your speaker.","imageUrl":"4200","attributes":[{"attributeName":"COMPA
Action.c(184):     TIBILITY","attributeValue":"Any device that has bluetooth enabled","showInFilter":true},{"
Action.c(184):     attributeName":"WEIGHT","attributeValue":"3.03 lb","showInFilter":true},{"attributeName":"
Action.c(184):     CONNECTOR","attributeValue":"Wireless","showInFilter":true},{"attributeName":"MANUFACTURER
Action.c(184):     ","attributeValue":"Bose","showInFilter":true},{"attributeName":"WIRELESS TECHNOLOGY","att
Action.c(184):     ributeValue":"Bluetooh\xC2\xAE","showInFilter":true}],"colors":[{"code":"C3C3C3","name":"G
Action.c(184):     RAY","inStock":10},{"code":"414141","name":"BLACK","inStock":10}],"images":["ABCDEF##4200"
Action.c(184):     ],"productStatus":"Active"},{"productId":25,"categoryId":4,"productName":"Bose SoundLink W
Action.c(184):     ireless Speaker","price":129.0,"description":"If music is your motivation, wait until you 
Action.c(184):     hear the SoundLink\xC2\xAE Color Bluetooth speaker. It plays your favorite tunes from your
Action.c(184):      favorite Bluetooth device-out loud in clear, full audio-just about anywhere you want to g
Action.c(184):     o. It's small, durable and simple to use. And it comes in a spectrum of colors to match al
Action.c(184):     most any style.","imageUrl":"4700","attributes":[{"attributeName":"WEIGHT","attributeValue
Action.c(184):     ":"1.25 lb","showInFilter":true},{"attributeName":"WIRELESS TECHNOLOGY","attributeValue":"
Action.c(184):     Bluetooh\xC2\xAE","showInFilter":true},{"attributeName":"MANUFACTURER","attributeValue":"B
Action.c(184):     ose","showInFilter":true},{"attributeName":"CONNECTOR","attributeValue":"Wireless","showIn
Action.c(184):     Filter":true},{"attributeName":"COMPATIBILITY","attributeValue":"Any device that has bluet
Action.c(184):     ooth enabled or a 3.5 mm audio connector.","showInFilter":true}],"colors":[{"code":"414141
Action.c(184):     ","name":"BLACK","inStock":10},{"code":"55CDD5","name":"TURQUOISE","inStock":10},{"code":"
Action.c(184):     DD3A5B","name":"RED","inStock":10},{"code":"3683D1","name":"BLUE","inStock":10}],"images":
Action.c(184):     ["55CDD5##4700","414141##4701","DD3A5B##4702","3683D1##4704"],"productStatus":"Active"},{"
Action.c(184):     productId":24,"categoryId":4,"productName":"HP Roar Mini Wireless Speaker","price":44.99,"
Action.c(184):     description":"Attention-getting design, color, and sound - the HP Roar Mini Wireless Speak
Action.c(184):     er. Exceptional size-defying audio while streaming music and calls from a distinctively co
Action.c(184):     mpact speaker.","imageUrl":"4600","attributes":[{"attributeName":"WEIGHT","attributeValue"
Action.c(184):     :"0.55 lb","showInFilter":true},{"attributeName":"COMPATIBILITY","attributeValue":"Any dev
Action.c(184):     ice that has bluetooth enabled or a 3.5 mm audio connector.","showInFilter":true},{"attrib
Action.c(184):     uteName":"MANUFACTURER","attributeValue":"HP","showInFilter":true},{"attributeName":"CONNE
Action.c(184):     CTOR","attributeValue":"Wireless","showInFilter":true},{"attributeName":"WIRELESS TECHNOLO
Action.c(184):     GY","attributeValue":"Bluetooh\xC2\xAE","showInFilter":true}],"colors":[{"code":"DD3A5B","
Action.c(184):     name":"RED","inStock":10},{"code":"FCC23D","name":"YELLOW","inStock":10},{"code":"C3C3C3",
Action.c(184):     "name":"GRAY","inStock":10},{"code":"414141","name":"BLACK","inStock":10}],"images":["DD3A
Action.c(184):     5B##4600","C3C3C3##4603","414141##4602","FCC23D##4601"],"productStatus":"Active"},{"produc
Action.c(184):     tId":21,"categoryId":4,"productName":"HP Roar Plus Wireless Speaker","price":169.99,"descr
Action.c(184):     iption":"Showcase your music anywhere with the ease of wireless Bluetooth\xC2\xAE connecti
Action.c(184):     vity.","imageUrl":"4300","attributes":[{"attributeName":"CONNECTOR","attributeValue":"Wire
Action.c(184):     less","showInFilter":true},{"attributeName":"WIRELESS TECHNOLOGY","attributeValue":"Blueto
Action.c(184):     oth\xC2\xAE","showInFilter":true},{"attributeName":"COMPATIBILITY","attributeValue":"Any d
Action.c(184):     evice that has bluetooth enabled","showInFilter":true},{"attributeName":"WEIGHT","attribut
Action.c(184):     eValue":"1.26 lb","showInFilter":true},{"attributeName":"MANUFACTURER","attributeValue":"H
Action.c(184):     P","show
Action.c(184): t=6810864ms: 10186-byte DECODED response body for "https://www.advantageonlineshopping.com/catalog/api/v1/categories/all_data" (RelFrameId=1, Internal ID=1961)
Action.c(184):     InFilter":true}],"colors":[{"code":"414141","name":"BLACK","inStock":10},{"code":"3683D1",
Action.c(184):     "name":"BLUE","inStock":10},{"code":"545195","name":"PURPLE","inStock":10}],"images":["414
Action.c(184):     141##4304","3683D1##4301","3683D1##4300","545195##4308"],"productStatus":"Active"},{"produ
Action.c(184):     ctId":22,"categoryId":4,"productName":"HP Roar Wireless Speaker","price":84.99,"descriptio
Action.c(184):     n":"Showcase your music anywhere with the ease of wireless Bluetooth\xC2\xAE connectivity.
Action.c(184):     ","imageUrl":"4400","attributes":[{"attributeName":"CONNECTOR","attributeValue":"Wireless"
Action.c(184):     ,"showInFilter":true},{"attributeName":"COMPATIBILITY","attributeValue":"Any device that h
Action.c(184):     as bluetooth enabled","showInFilter":true},{"attributeName":"WEIGHT","attributeValue":"1.1
Action.c(184):      lb","showInFilter":true},{"attributeName":"MANUFACTURER","attributeValue":"HP","showInFil
Action.c(184):     ter":true},{"attributeName":"WIRELESS TECHNOLOGY","attributeValue":"Bluetooh\xC2\xAE","sho
Action.c(184):     wInFilter":true}],"colors":[{"code":"3683D1","name":"BLUE","inStock":10},{"code":"FFFFFF",
Action.c(184):     "name":"WHITE","inStock":10},{"code":"FCC23D","name":"YELLOW","inStock":10}],"images":["FF
Action.c(184):     FFFF##4401","3683D1##4404","FFFFFF##4400","FCC23D##4408"],"productStatus":"Active"},{"prod
Action.c(184):     uctId":19,"categoryId":4,"productName":"HP S9500 Bluetooth Wireless Speaker","price":200.0
Action.c(184):     ,"description":"Impress \xE2\x80\xA6 everyone! Futuristic design with perforated steel for
Action.c(184):     med into subtle angles. Requiring only minimal space, this speaker is the ideal complement
Action.c(184):      to any setting.","imageUrl":"4100","attributes":[{"attributeName":"WEIGHT","attributeValu
Action.c(184):     e":"1.95 lb","showInFilter":true},{"attributeName":"WIRELESS TECHNOLOGY","attributeValue":
Action.c(184):     "Bluetooh\xC2\xAE","showInFilter":true},{"attributeName":"COMPATIBILITY","attributeValue":
Action.c(184):     "Any device that has bluetooth enabled","showInFilter":true},{"attributeName":"MANUFACTURE
Action.c(184):     R","attributeValue":"HP","showInFilter":true},{"attributeName":"CONNECTOR","attributeValue
Action.c(184):     ":"Wireless","showInFilter":true}],"colors":[{"code":"FFFFFF","name":"WHITE","inStock":10}
Action.c(184):     ,{"code":"C3C3C3","name":"GRAY","inStock":10}],"images":["ABCDEF##4100","ABCDEF##4101"],"p
Action.c(184):     roductStatus":"Active"},{"productId":23,"categoryId":4,"productName":"Logitech X100 Speake
Action.c(184):     r System - Wireless Speaker(s)","price":49.99,"description":"Pump up the volume and enjoy 
Action.c(184):     crystal-clear sound from this mobile speaker. This portable speaker is perfect for life on
Action.c(184):     -the-go. Take it on the road or relax and listen at home because this mobile speaker goes 
Action.c(184):     everywhere. Simple, intuitive design lets you wirelessly connect and stream music from you
Action.c(184):     r Bluetooth-enabled device from up to 30' away. Easily manage phone calls and volume contr
Action.c(184):     ol from your mobile phone. Enjoy five hours of continuous play before you need to recharge
Action.c(184):     . Recharge the built-in, lithium-ion battery with the convenience of the included micro-US
Action.c(184):     B cable.","imageUrl":"4500","attributes":[{"attributeName":"CONNECTOR","attributeValue":"W
Action.c(184):     ireless","showInFilter":true},{"attributeName":"COMPATIBILITY","attributeValue":"Any devic
Action.c(184):     e that has bluetooth enabled","showInFilter":true},{"attributeName":"WEIGHT","attributeVal
Action.c(184):     ue":"1.0 lb","showInFilter":true},{"attributeName":"WIRELESS TECHNOLOGY","attributeValue":
Action.c(184):     "Bluetooh\xC2\xAE","showInFilter":true},{"attributeName":"MANUFACTURER","attributeValue":"
Action.c(184):     Logitech","showInFilter":true}],"colors":[{"code":"414141","name":"BLACK","inStock":10}],"
Action.c(184):     images":["414141##4500"],"productStatus":"Active"}],"colors":["414141","3683D1","545195","
Action.c(184):     C3C3C3","DD3A5B","55CDD5","FFFFFF","FCC23D"]},{"categoryId":5,"categoryName":"MICE","categ
Action.c(184):     oryImageId":"mice","promotedProduct":{"id":28,"staringPrice":"29.99","promotionHeader":"DI
Action.c(184):     SCOVER OUR WIRELESS MICE","promotionSubHeader":"designed to work and ready to play","produ
Action.c(184):     ctName":"HP Z3200 Wireless Mouse","price":29.99,"description":"The HP Wireless Mouse Z3200
Action.c(184):      provides powerful Blue LED optical tracking. Its ambidextrous shape and familiar button c
Action.c(184):     ontrols are easy to use. Compact contoured control.","imageUrl":"5300","attributes":[{"att
Action.c(184):     ributeName":"SCROLLER TYPE","attributeValue":"Scroll Wheel"},{"attributeName":"SENSOR RESO
Action.c(184):     LUTION","attributeValue":"1600 dpi optical sensor"},{"attributeName":"MANUFACTURER","attri
Action.c(184):     buteValue":"HP"},{"attributeName":"CONNECTOR","attributeValue":"Wireless"},{"attributeName
Action.c(184):     ":"TYPE","attributeValue":"Mouse"}]},"attributes":[{"attributeName":"CONNECTOR","attribute
Action.c(184):     Values":["Wireless","USB Cord","Bluetooth\xC2\xAE"]},{"attributeName":"SENSOR RESOLUTION",
Action.c(184):     "attributeValues":["1000 dpi optical sensor","N/A","1600 dpi","1600 dpi optical sensor","1
Action.c(184):     000 dpi"]},{"attributeName":"TYPE","attributeValues":["Trackball","Mouse"]},{"attributeNam
Action.c(184):     e":"MANUFACTURER","attributeValues":["Logitech","HP","Microsoft","Kensington"]},{"attribut
Action.c(184):     eName":"SCROLLER TYPE","attributeValues":["Scroll Whell","Scroll Ball","Scroll Wheel","Tou
Action.c(184):     ch Scroll","Scroll Ring"]}],"products":[{"productId":29,"categoryId":5,"productName":"HP U
Action.c(184):     SB 3 Button Optical Mouse","price":9.99,"description":"Smooth and Accurate - The HP USB 3-
Action.c(184):     Button Optical Mouse is the affordable desktop optical mouse solution that combines functi
Action.c(184):     onality with style","imageUrl":"5400","attributes":[{"attributeName":"SENSOR RESOLUTION","
Action.c(184):     attributeValue":"1000 dpi optical sensor","showInFilter":false},{"attributeName":"SCROLLER
Action.c(184):      TYPE","attributeValue":"Scroll Whell","showInFilter":true},{"attributeName":"TYPE","attri
Action.c(184):     buteValue":"Mouse","showInFilter":false},{"attributeName":"MANUFACTURER","attributeValue":
Action.c(184):     "HP","showInFilter":false},{"attributeName":"CONNECTOR","attributeValue":"USB Cord","showI
Action.c(184):     nFilter":false}],"colors":[{"code":"414141","name":"BLACK","inStock":10}],"images":["41414
Action.c(184):     1##5400"],"productStatus":"Active"},{"productId":28,"categoryId":5,"productName":"HP Z3200
Action.c(184):      Wireless Mouse","price":29.99,"description":"The HP Wireless Mouse Z3200 provides powerfu
Action.c(184):     l Blue LED optical tracking. Its ambidextrous shape and familiar button controls are easy 
Action.c(184):     to use. Compact contoured control.","imageUrl":"5300","attributes":[{"attributeName":"SCRO
Action.c(184):     LLER TYPE","attributeValue":"Scroll Wheel","showInFilter":true},{"attributeName":"SENSOR R
Action.c(184):     ESOLUTION","attributeValue":"1600 dpi optical sensor","showInFilter":false},{"attributeNam
Action.c(184):     e":"MANUFACTURER","attributeValue":"HP","showInFilter":false},{"attributeName":"CONNECTOR"
Action.c(184):     ,"attributeValue":"Wireless","showInFilter":false},{"attributeName":"TYPE","attributeValue
Action.c(184):     ":"Mouse","showInFilter":false}],"colors":[{"code":"C3C3C3","name":"GRAY","inStock":10},{"
Action.c(184):     code":"FFFFFF","name":"WHITE","inStock":10},{"code":"DD3A5B","name":"RED","inStock":10}],"
Action.c(184):     images":["C3C3C3##5300","FFFFFF##5304","FFFFFF##5306","DD3A5B##5301","C3C3C3##5304","FFFFF
Action.c(184):     F##5300"],"productStatus":"Active"},{"productId":27,"categoryId":5,"productName":"HP Z3600
Action.c(184):      Wireless Mouse","price":15.99,"description":"The tiny HP Wireless Mouse Z3600 provides st
Action.c(184):     ylish comfort and control for your mobile computing needs. With optical tracking, 3 button
Action.c(184):      controls, and the freedom to connect up to 30ft (10m) away, this compact mouse provides o
Action.c(184):     versized performance.","imageUrl":"5200","attributes":[{"attributeName":"CONNECTOR","attri
Action.c(184):     buteValue":"Wireless","showInFilter":false},{"attributeName":"SENSOR RESOLUTION","attribut
Action.c(184):     eValue":"N/A","showInFilter":false},{"attributeName":"MANUFACTURER","attributeValue":"HP",
Action.c(184):     "showInFilter":false},{"attributeName":"TYPE","attributeValue":"Mouse","showInFilter":fals
Action.c(184):     e},{"attributeName":"SCROLLER TYPE","attributeValue":"Scroll Whell","showInFilter":true}],
Action.c(184):     "colors":[{"code":"FFFFFF","name":"WHITE","inStock":10},{"code":"414141","name":"BLACK","i
Action.c(184):     nStock":10},{"code":"3683D1","name":"BLUE","inStock":10},{"code":"545195","name":"PURPLE",
Action.c(184):     "inStock":10}],"images":["545195##5206","3683D1##5203","FFFFFF##5206","ABCDEF##5201","ABCD
Action.c(184):     EF##5200"],"productStatus":"Active"},{"productId":30,"categoryId":5,"productName":"HP Z400
Action.c(184):     0 Wireless Mouse","price":9.99,"description":"The sleek and low-profiled design make the Z
Action.c(184):     4000 the must-have companion to every thin notebook or tablet. Style and comfort within a 
Action.c(184):     dynamic ultra-mobile wireless mouse.","imageUrl":"5505","attributes":[{"attributeName":"CO
Action.c(184):     NNECTOR","attributeValue":"Wireless","showInFilter":false},{"attributeName":"SCROLLER TYPE
Action.c(184):     ","attributeValue":"Scroll Whell","showInFilter":true},{"attributeName":"TYPE","attributeV
Action.c(184):     alue":"Mouse","showInFilter":false},{"attributeName":"MANUFACTURER","attributeValue":"HP",
Action.c(184):     "showInFilter":false},{"attributeName":"SENSOR RESOLUTION","attributeValue":"N/A","showInF
Action.c(184):     ilter":false}],"colors":[{"code":"DD3A5B","name":"RED","inStock":10},{"code":"3683D1","nam
Action.c(184):     e":"BLUE","inStock":10},{"code":"545195","name":"PURPLE","inStock":10}],"images":["3683D1#
Action.c(184):     #5506","DD3A5B##5505","DD3A5B##5504","545195##5501"],"productStatus":"Active"},{"productId
Action.c(184):     ":33,"categoryId":5,"productName":"HP Z8000 Bluetooth Mouse","price":50.99,"description":"
Action.c(184):     The exquisite HP Z8000 Bluetooth Mouse is only 18mm (.7in) height, saves power with Blueto
Action.c(184):     oth\xC2\xAE Low Energy connectivity, and provides effortless capacitive touch control. The
Action.c(184):      future is here.","imageUrl":"5800","attributes":[{"attributeName":"TYPE","attributeValue"
Action.c(184):     :"Mouse","showInFilter":false},{"attributeName":"CONNECTOR","attributeValue":"Bluetooth\xC2
Action.c(184):     \xAE","showInFilter":false},{"attributeName":"MANUFACTURER","attributeValue":"HP","showInF
Action.c(184):     ilter":false},{"attributeName":"SENSOR RESOLUTION","attributeValue":"1600 dpi","showInFilt
Action.c(184):     er":false},{"attributeName":"SCROLLER TYPE","attributeValue":"Touch Scroll","showInFilter"
Action.c(184):     :true}],"colors":[{"code":"414141","name":"BLACK","inStock":10},{"code":"C3C3C3","name":"G
Action.c(184):     RAY","inStock":10}],"images":["ABCDEF##5800","ABCDEF##5801","ABCDEF##5802"],"productStatus
Action.c(184):     ":"Active"},{"productId":32,"categoryId":5,"productName":"Kensington Orbit 72337 Trackball
Action.c(184):      with Scroll Ring","price":39.99,"description":"All-day comfort and scrolling come togethe
Action.c(184):     r in the Kensington Orbit Trackball with Scroll Ring. The scroll ring allows you to fly th
Action.c(184):     rough web pages and documents. And all while delivering comfort and space savings no mouse
Action.c(184):      can match.","imageUrl":"5700","attributes":[{"attributeName":"CONNECTOR","attributeValue"
Action.c(184):     :"USB Cord","showInFilter":false},{"attributeName":"MANUFACTURER","attributeValue":"Kensin
Action.c(184):     gton","showInFilter":false},{"attributeName":"SCROLLER TYPE","attributeValue":"Scroll Ring
Action.c(184):     ","showInFilter":true},{"attributeName":"TYPE","attributeValue":"T
Action.c(184): t=6810865ms: 812-byte ENCODED response body received for "https://www.advantageonlineshopping.com/catalog/api/v1/categories/all_data" (RelFrameId=1, Internal ID=1961)
Action.c(184): t=6810865ms: 3830-byte DECODED response body for "https://www.advantageonlineshopping.com/catalog/api/v1/categories/all_data" (RelFrameId=1, Internal ID=1961)
Action.c(184):     rackball","showInFilter":false},{"attributeName":"SENSOR RESOLUTION","attributeValue":"N/A
Action.c(184):     ","showInFilter":false}],"colors":[{"code":"3683D1","name":"BLUE","inStock":10},{"code":"4
Action.c(184):     14141","name":"BLACK","inStock":10}],"images":["414141##5700"],"productStatus":"Active"},{
Action.c(184):     "productId":26,"categoryId":5,"productName":"Kensington Orbit 72352 Trackball","price":59.
Action.c(184):     99,"description":"The Kensington Orbit Wireless Mobile Trackball offers a precise, compact
Action.c(184):      and versatile experience with a centered-ball design. With no wires to tie you down, the 
Action.c(184):     2.4 GHz wireless with storable nano receiver works wherever you do -- at your home or offi
Action.c(184):     ce. And the unique touch scrolling lets you glide effortlessly through web pages and docum
Action.c(184):     ents.","imageUrl":"5100","attributes":[{"attributeName":"CONNECTOR","attributeValue":"Wire
Action.c(184):     less","showInFilter":false},{"attributeName":"MANUFACTURER","attributeValue":"Kensington",
Action.c(184):     "showInFilter":false},{"attributeName":"TYPE","attributeValue":"Trackball","showInFilter":
Action.c(184):     false},{"attributeName":"SCROLLER TYPE","attributeValue":"Scroll Ball","showInFilter":true
Action.c(184):     },{"attributeName":"SENSOR RESOLUTION","attributeValue":"N/A","showInFilter":false}],"colo
Action.c(184):     rs":[{"code":"DD3A5B","name":"RED","inStock":10},{"code":"C3C3C3","name":"GRAY","inStock":
Action.c(184):     10}],"images":["ABCDEF##5100"],"productStatus":"Active"},{"productId":31,"categoryId":5,"p
Action.c(184):     roductName":"Logitech G502 Proteus Core","price":79.99,"description":"MAKE IT YOURS!\\nPro
Action.c(184):     teus Core perfectly tuned by you.\\nProteus Core allows you to change the weight, balance,
Action.c(184):      and enables you to adapt to wherever you choose to play. Customize it to the way you game
Action.c(184):      and make it yours!\\n\\nPERSONALLY-TUNED PERFORMANCE\\nAdapts to your environment\\nFine 
Action.c(184):     tune the optical sensor in Proteus Core to your playing surface for better accuracy, preci
Action.c(184):     sion and responsiveness. A quick tuning process, and you are battle ready.","imageUrl":"56
Action.c(184):     00","attributes":[{"attributeName":"SCROLLER TYPE","attributeValue":"Scroll Whell","showIn
Action.c(184):     Filter":true},{"attributeName":"MANUFACTURER","attributeValue":"Logitech","showInFilter":f
Action.c(184):     alse},{"attributeName":"SENSOR RESOLUTION","attributeValue":"N/A","showInFilter":false},{"
Action.c(184):     attributeName":"CONNECTOR","attributeValue":"USB Cord","showInFilter":false},{"attributeNa
Action.c(184):     me":"TYPE","attributeValue":"Mouse","showInFilter":false}],"colors":[{"code":"3683D1","nam
Action.c(184):     e":"BLUE","inStock":10},{"code":"414141","name":"BLACK","inStock":10}],"images":["ABCDEF##
Action.c(184):     5600"],"productStatus":"Active"},{"productId":34,"categoryId":5,"productName":"Microsoft S
Action.c(184):     culpt Touch Mouse","price":49.99,"description":"Looking for a portable mouse that helps yo
Action.c(184):     u get things done? Sculpt Touch Mouse saves time in long documents and works virtually any
Action.c(184):     where, with no cables or transceivers to connect. And it's designed to fit comfortably in 
Action.c(184):     either hand.\\nThe four-way touch scrolling pad on the Sculpt Touch Mouse lets you breeze 
Action.c(184):     up and down, left and right, and through windows and documents with just the swipe of your
Action.c(184):      finger. While you scroll, you'll feel the nice surprise of tactile feedback. Sculpt Touch
Action.c(184):      Mouse is also a powerful complement to Windows 8, navigating fluidly and intuitively arou
Action.c(184):     nd the Start Screen.\\n","imageUrl":"5900","attributes":[{"attributeName":"SCROLLER TYPE",
Action.c(184):     "attributeValue":"Touch Scroll","showInFilter":true},{"attributeName":"SENSOR RESOLUTION",
Action.c(184):     "attributeValue":"1000 dpi","showInFilter":false},{"attributeName":"MANUFACTURER","attribu
Action.c(184):     teValue":"Microsoft","showInFilter":false},{"attributeName":"TYPE","attributeValue":"Mouse
Action.c(184):     ","showInFilter":false},{"attributeName":"CONNECTOR","attributeValue":"Bluetooth\xC2\xAE",
Action.c(184):     "showInFilter":false}],"colors":[{"code":"414141","name":"BLACK","inStock":10},{"code":"C3
Action.c(184):     C3C3","name":"GRAY","inStock":10}],"images":["ABCDEF##5900"],"productStatus":"Active"}],"c
Action.c(184):     olors":["414141","3683D1","545195","C3C3C3","DD3A5B","FFFFFF"]}]
Action.c(184): t=6810866ms: Request done "https://www.advantageonlineshopping.com/catalog/api/v1/categories/all_data"  	[MsgId: MMSG-26000]
Action.c(184): web_url("all_data") was successful, 9004 body bytes, 375 header bytes  	[MsgId: MMSG-26386]
Action.c(193): Notify: Transaction "Search" ended with a "Pass" status (Duration: 1.1370).	[MsgId: MMSG-16873]
Action.c(196): Notify: Transaction "UC6_Search" ended with a "Pass" status (Duration: 17.8760 Think Time: 5.0010).	[MsgId: MMSG-16872]
Ending action Action.	[MsgId: MMSG-15918]
Action was aborted.	[MsgId: MMSG-10694]
Ending Vuser...	[MsgId: MMSG-15966]
Starting action vuser_end.	[MsgId: MMSG-15919]
Ending action vuser_end.	[MsgId: MMSG-15918]
Vuser Terminated.	[MsgId: MMSG-15963]
t=6810866ms: Closed connection [0] to www.advantageonlineshopping.com:443 after completing 0 request(s)  	[MsgId: MMSG-26000]
t=6810866ms: Closed connection [1] to www.googletagmanager.com:443 after completing 0 request(s)  	[MsgId: MMSG-26000]
HTML-Mode memory management statistics: Reusable=1, NonReusable=0, CsMemBlockSize=4096, checks disabled  	[MsgId: MMSG-26000]
Vuser 4 (thread 27540), ended OK."	[MsgId: MMSG-10695]
