Start auto log messages stack - Iteration 5.	[MsgId: MMSG-10545]
lib.h(609): web_custom_request("AccountLoginRequest") was successful, 806 body bytes, 735 header bytes  	[MsgId: MMSG-26386]
lib.h(621): web_set_sockets_option started  	[MsgId: MMSG-26355]
lib.h(621): web_set_sockets_option was successful  	[MsgId: MMSG-26392]
lib.h(623): web_add_auto_header("Authorization") started  	[MsgId: MMSG-26355]
lib.h(623): Warning -26593: The header being added may cause unpredictable results when applied to all ensuing URLs. It is added anyway  	[MsgId: MWAR-26593]
lib.h(623): web_add_auto_header("Authorization") highest severity level was "warning"  	[MsgId: MMSG-26391]
lib.h(625): web_url("{UserID}") started  	[MsgId: MMSG-26355]
lib.h(625): Error -27644: Step download timeout (120 seconds) has expired when only cross-step downloads (0) were active  	[MsgId: MERR-27644]
End auto log messages stack.	[MsgId: MMSG-10544]


Start auto log messages stack - Iteration 7.	[MsgId: MMSG-10545]
lib.h(609): web_custom_request("AccountLoginRequest") was successful, 813 body bytes, 735 header bytes  	[MsgId: MMSG-26386]
lib.h(621): web_set_sockets_option started  	[MsgId: MMSG-26355]
lib.h(621): web_set_sockets_option was successful  	[MsgId: MMSG-26392]
lib.h(623): web_add_auto_header("Authorization") started  	[MsgId: MMSG-26355]
lib.h(623): Warning -26593: The header being added may cause unpredictable results when applied to all ensuing URLs. It is added anyway  	[MsgId: MWAR-26593]
lib.h(623): web_add_auto_header("Authorization") highest severity level was "warning"  	[MsgId: MMSG-26391]
lib.h(625): web_url("{UserID}") started  	[MsgId: MMSG-26355]
lib.h(625): Error -27644: Step download timeout (120 seconds) has expired when only cross-step downloads (0) were active  	[MsgId: MERR-27644]
End auto log messages stack.	[MsgId: MMSG-10544]


Start auto log messages stack - Iteration 15.	[MsgId: MMSG-10545]
lib.h(609): web_custom_request("AccountLoginRequest") was successful, 806 body bytes, 735 header bytes  	[MsgId: MMSG-26386]
lib.h(621): web_set_sockets_option started  	[MsgId: MMSG-26355]
lib.h(621): web_set_sockets_option was successful  	[MsgId: MMSG-26392]
lib.h(623): web_add_auto_header("Authorization") started  	[MsgId: MMSG-26355]
lib.h(623): Warning -26593: The header being added may cause unpredictable results when applied to all ensuing URLs. It is added anyway  	[MsgId: MWAR-26593]
lib.h(623): web_add_auto_header("Authorization") highest severity level was "warning"  	[MsgId: MMSG-26391]
lib.h(625): web_url("{UserID}") started  	[MsgId: MMSG-26355]
lib.h(625): Error -27644: Step download timeout (120 seconds) has expired when only cross-step downloads (0) were active  	[MsgId: MERR-27644]
End auto log messages stack.	[MsgId: MMSG-10544]


Start auto log messages stack - Iteration 16.	[MsgId: MMSG-10545]
lib.h(609): web_custom_request("AccountLoginRequest") was successful, 798 body bytes, 735 header bytes  	[MsgId: MMSG-26386]
lib.h(621): web_set_sockets_option started  	[MsgId: MMSG-26355]
lib.h(621): web_set_sockets_option was successful  	[MsgId: MMSG-26392]
lib.h(623): web_add_auto_header("Authorization") started  	[MsgId: MMSG-26355]
lib.h(623): Warning -26593: The header being added may cause unpredictable results when applied to all ensuing URLs. It is added anyway  	[MsgId: MWAR-26593]
lib.h(623): web_add_auto_header("Authorization") highest severity level was "warning"  	[MsgId: MMSG-26391]
lib.h(625): web_url("{UserID}") started  	[MsgId: MMSG-26355]
lib.h(625): Error -27644: Step download timeout (120 seconds) has expired when only cross-step downloads (0) were active  	[MsgId: MERR-27644]
End auto log messages stack.	[MsgId: MMSG-10544]


