Start auto log messages stack - Iteration 21.	[MsgId: MMSG-10545]
lib.h(590): Registering web_reg_save_param_ex was successful  	[MsgId: MMSG-26390]
lib.h(598): web_add_header("Origin") started  	[MsgId: MMSG-26355]
lib.h(598): web_add_header("Origin") was successful  	[MsgId: MMSG-26392]
lib.h(601): web_add_header("SOAPAction") started  	[MsgId: MMSG-26355]
lib.h(601): web_add_header("SOAPAction") was successful  	[MsgId: MMSG-26392]
lib.h(604): web_add_header("X-Requested-With") started  	[MsgId: MMSG-26355]
lib.h(604): web_add_header("X-Requested-With") was successful  	[MsgId: MMSG-26392]
lib.h(607): lr_think_time: 11.00 seconds.	[MsgId: MMSG-15948]
lib.h(609): web_custom_request("AccountLoginRequest") started  	[MsgId: MMSG-26355]
lib.h(609): Error -27760: Request "https://www.advantageonlineshopping.com/accountservice/ws/AccountLoginRequest" failed  	[MsgId: MERR-27760]
lib.h(609): Error -26366: "Text=<ns2:reason>Login Successful</ns2:reason>" not found for web_reg_find  	[MsgId: MERR-26366]
lib.h(609): Error -26377: No match found for the requested parameter "t_authorization". Either the specified boundaries were not found in the response or the matched text is longer than current max html parameter size of 256 bytes. The total length of the response is 0 bytes. You can use "web_set_max_html_param_len" to increase the max parameter size.  	[MsgId: MERR-26377]
lib.h(609): Error -26377: No match found for the requested parameter "UserID". Either the specified boundaries were not found in the response or the matched text is longer than current max html parameter size of 256 bytes. The total length of the response is 0 bytes. You can use "web_set_max_html_param_len" to increase the max parameter size.  	[MsgId: MERR-26377]
lib.h(609): Error -26374: The above "not found" error(s) may be explained by header and body byte counts being 0 and 0, respectively.  	[MsgId: MERR-26374]
End auto log messages stack.	[MsgId: MMSG-10544]


Start auto log messages stack - Iteration 20.	[MsgId: MMSG-10545]
lib.h(348): web_add_header("Origin") started  	[MsgId: MMSG-26355]
lib.h(348): web_add_header("Origin") was successful  	[MsgId: MMSG-26392]
lib.h(351): Notify: Transaction "ChooseProduct" ended with a "Pass" status (Duration: 2.6754 Wasted Time: 0.0001).	[MsgId: MMSG-16871]
Action.c(28): lr_think_time: 5.00 seconds.	[MsgId: MMSG-15948]
lib.h(641): Notify: Transaction "LogOut" started.	[MsgId: MMSG-16999]
lib.h(644): web_add_header("SOAPAction") started  	[MsgId: MMSG-26355]
lib.h(644): web_add_header("SOAPAction") was successful  	[MsgId: MMSG-26392]
lib.h(647): web_add_header("X-Requested-With") started  	[MsgId: MMSG-26355]
lib.h(647): web_add_header("X-Requested-With") was successful  	[MsgId: MMSG-26392]
lib.h(650): lr_think_time: 5.00 seconds.	[MsgId: MMSG-15948]
lib.h(652): web_custom_request("AccountLogoutRequest") started  	[MsgId: MMSG-26355]
lib.h(652): Error -27760: Request "https://www.advantageonlineshopping.com/accountservice/ws/AccountLogoutRequest" failed  	[MsgId: MERR-27760]
End auto log messages stack.	[MsgId: MMSG-10544]


Start auto log messages stack - Iteration 20.	[MsgId: MMSG-10545]
lib.h(590): Registering web_reg_save_param_ex was successful  	[MsgId: MMSG-26390]
lib.h(598): web_add_header("Origin") started  	[MsgId: MMSG-26355]
lib.h(598): web_add_header("Origin") was successful  	[MsgId: MMSG-26392]
lib.h(601): web_add_header("SOAPAction") started  	[MsgId: MMSG-26355]
lib.h(601): web_add_header("SOAPAction") was successful  	[MsgId: MMSG-26392]
lib.h(604): web_add_header("X-Requested-With") started  	[MsgId: MMSG-26355]
lib.h(604): web_add_header("X-Requested-With") was successful  	[MsgId: MMSG-26392]
lib.h(607): lr_think_time: 11.00 seconds.	[MsgId: MMSG-15948]
lib.h(609): web_custom_request("AccountLoginRequest") started  	[MsgId: MMSG-26355]
lib.h(609): Error -27760: Request "https://www.advantageonlineshopping.com/accountservice/ws/AccountLoginRequest" failed  	[MsgId: MERR-27760]
lib.h(609): Error -26366: "Text=<ns2:reason>Login Successful</ns2:reason>" not found for web_reg_find  	[MsgId: MERR-26366]
lib.h(609): Error -26377: No match found for the requested parameter "t_authorization". Either the specified boundaries were not found in the response or the matched text is longer than current max html parameter size of 256 bytes. The total length of the response is 0 bytes. You can use "web_set_max_html_param_len" to increase the max parameter size.  	[MsgId: MERR-26377]
lib.h(609): Error -26377: No match found for the requested parameter "UserID". Either the specified boundaries were not found in the response or the matched text is longer than current max html parameter size of 256 bytes. The total length of the response is 0 bytes. You can use "web_set_max_html_param_len" to increase the max parameter size.  	[MsgId: MERR-26377]
lib.h(609): Error -26374: The above "not found" error(s) may be explained by header and body byte counts being 0 and 0, respectively.  	[MsgId: MERR-26374]
End auto log messages stack.	[MsgId: MMSG-10544]


Start auto log messages stack - Iteration 19.	[MsgId: MMSG-10545]
lib.h(348): web_add_header("Origin") started  	[MsgId: MMSG-26355]
lib.h(348): web_add_header("Origin") was successful  	[MsgId: MMSG-26392]
lib.h(351): Notify: Transaction "ChooseProduct" ended with a "Pass" status (Duration: 2.6661 Wasted Time: 0.0001).	[MsgId: MMSG-16871]
Action.c(28): lr_think_time: 5.00 seconds.	[MsgId: MMSG-15948]
lib.h(641): Notify: Transaction "LogOut" started.	[MsgId: MMSG-16999]
lib.h(644): web_add_header("SOAPAction") started  	[MsgId: MMSG-26355]
lib.h(644): web_add_header("SOAPAction") was successful  	[MsgId: MMSG-26392]
lib.h(647): web_add_header("X-Requested-With") started  	[MsgId: MMSG-26355]
lib.h(647): web_add_header("X-Requested-With") was successful  	[MsgId: MMSG-26392]
lib.h(650): lr_think_time: 5.00 seconds.	[MsgId: MMSG-15948]
lib.h(652): web_custom_request("AccountLogoutRequest") started  	[MsgId: MMSG-26355]
lib.h(652): Error -27760: Request "https://www.advantageonlineshopping.com/accountservice/ws/AccountLogoutRequest" failed  	[MsgId: MERR-27760]
End auto log messages stack.	[MsgId: MMSG-10544]


Start auto log messages stack - Iteration 20.	[MsgId: MMSG-10545]
lib.h(143): web_add_auto_header("Sec-Fetch-Site") started  	[MsgId: MMSG-26355]
lib.h(143): web_add_auto_header("Sec-Fetch-Site") was successful  	[MsgId: MMSG-26392]
lib.h(146): web_add_auto_header("DNT") started  	[MsgId: MMSG-26355]
lib.h(146): web_add_auto_header("DNT") was successful  	[MsgId: MMSG-26392]
lib.h(149): web_add_header("Sec-Fetch-User") started  	[MsgId: MMSG-26355]
lib.h(149): web_add_header("Sec-Fetch-User") was successful  	[MsgId: MMSG-26392]
lib.h(152): web_add_header("Upgrade-Insecure-Requests") started  	[MsgId: MMSG-26355]
lib.h(152): web_add_header("Upgrade-Insecure-Requests") was successful  	[MsgId: MMSG-26392]
lib.h(155): web_url("www.advantageonlineshopping.com") started  	[MsgId: MMSG-26355]
lib.h(155): Error -27792: Failed to connect to server "www.advantageonlineshopping.com:443": [10060] Connection timed out  	[MsgId: MERR-27792]
End auto log messages stack.	[MsgId: MMSG-10544]


Start auto log messages stack - Iteration 21.	[MsgId: MMSG-10545]
lib.h(143): web_add_auto_header("Sec-Fetch-Site") started  	[MsgId: MMSG-26355]
lib.h(143): web_add_auto_header("Sec-Fetch-Site") was successful  	[MsgId: MMSG-26392]
lib.h(146): web_add_auto_header("DNT") started  	[MsgId: MMSG-26355]
lib.h(146): web_add_auto_header("DNT") was successful  	[MsgId: MMSG-26392]
lib.h(149): web_add_header("Sec-Fetch-User") started  	[MsgId: MMSG-26355]
lib.h(149): web_add_header("Sec-Fetch-User") was successful  	[MsgId: MMSG-26392]
lib.h(152): web_add_header("Upgrade-Insecure-Requests") started  	[MsgId: MMSG-26355]
lib.h(152): web_add_header("Upgrade-Insecure-Requests") was successful  	[MsgId: MMSG-26392]
lib.h(155): web_url("www.advantageonlineshopping.com") started  	[MsgId: MMSG-26355]
lib.h(155): Error -27792: Failed to connect to server "www.advantageonlineshopping.com:443": [10060] Connection timed out  	[MsgId: MERR-27792]
End auto log messages stack.	[MsgId: MMSG-10544]


